Initializing document watcher...
Document watcher initialized
/User/settings.json: Using EditorConfig core...
leonardo_cavalcanti_136/web-service-gin/main.go: {}
leonardo_cavalcanti_136/web-service-gin/main.go: {}
No more open editors.
No more open editors.
leonardo_cavalcanti_136/web-service-gin/go.mod: {}
leonardo_cavalcanti_136/web-service-gin/go.mod: {}
leonardo_cavalcanti_136/web-service-gin/main.go: {}
leonardo_cavalcanti_136/web-service-gin/main.go: {}
leonardo_cavalcanti_136/web-service-gin/main.go: Using EditorConfig core...
leonardo_cavalcanti_136/web-service-gin/main.go: {}
leonardo_cavalcanti_136/web-service-gin/main.go: Using EditorConfig core...
leonardo_cavalcanti_136/web-service-gin/main.go: {}
leonardo_cavalcanti_136/web-service-gin/main.go: Using EditorConfig core...
leonardo_cavalcanti_136/web-service-gin/main.go: Using EditorConfig core...
leonardo_cavalcanti_136/web-service-gin/main.go: {}
leonardo_cavalcanti_136/web-service-gin/main.go: Using EditorConfig core...
leonardo_cavalcanti_136/web-service-gin/main.go: Using EditorConfig core...
leonardo_cavalcanti_136/web-service-gin/main.go: {}
leonardo_cavalcanti_136/web-service-gin/main.go: Using EditorConfig core...
leonardo_cavalcanti_136/web-service-gin/main.go: {}
leonardo_cavalcanti_136/web-service-gin/main.go: {}
leonardo_cavalcanti_136/web-service-gin/main.go: {}
leonardo_cavalcanti_136/web-service-gin/main.go: Using EditorConfig core...
leonardo_cavalcanti_136/web-service-gin/main.go: {}
leonardo_cavalcanti_136/web-service-gin/main.go: Using EditorConfig core...
leonardo_cavalcanti_136/web-service-gin/main.go: {}
leonardo_cavalcanti_136/web-service-gin/main.go: Using EditorConfig core...
leonardo_cavalcanti_136/web-service-gin/main.go: {}
leonardo_cavalcanti_136/web-service-gin/main.go: Using EditorConfig core...
leonardo_cavalcanti_136/web-service-gin/main.go: {}
leonardo_cavalcanti_136/web-service-gin/main.go: {}
leonardo_cavalcanti_136/web-service-gin/main.go: {}
leonardo_cavalcanti_136/web-service-gin/main.go: {}
leonardo_cavalcanti_136/web-service-gin/main.go: {}
leonardo_cavalcanti_136/web-service-gin/main.go: {}
leonardo_cavalcanti_136/web-service-gin/main.go: {}
leonardo_cavalcanti_136/web-service-gin/main.go: {}
leonardo_cavalcanti_136/web-service-gin/main.go: Using EditorConfig core...
leonardo_cavalcanti_136/web-service-gin/main.go: {}
leonardo_cavalcanti_136/web-service-gin/main.go: Using EditorConfig core...
leonardo_cavalcanti_136/web-service-gin/main.go: {}
leonardo_cavalcanti_136/web-service-gin/main.go: Using EditorConfig core...
leonardo_cavalcanti_136/web-service-gin/main.go: {}
leonardo_cavalcanti_136/web-service-gin/main.go: {}
leonardo_cavalcanti_136/web-service-gin/main.go: {}
leonardo_cavalcanti_136/web-service-gin/main.go: Using EditorConfig core...
leonardo_cavalcanti_136/web-service-gin/main.go: {}
leonardo_cavalcanti_136/web-service-gin/main.go: Using EditorConfig core...
leonardo_cavalcanti_136/web-service-gin/main.go: {}
leonardo_cavalcanti_136/web-service-gin/main.go: {}
leonardo_cavalcanti_136/web-service-gin/main.go: {}
leonardo_cavalcanti_136/web-service-gin/go.sum: {}
leonardo_cavalcanti_136/web-service-gin/go.sum: {}
leonardo_cavalcanti_136/web-service-gin/go.mod: {}
leonardo_cavalcanti_136/web-service-gin/go.sum: {}
leonardo_cavalcanti_136/web-service-gin/main.go: {}
leonardo_cavalcanti_136/web-service-gin/main.go: {}
leonardo_cavalcanti_136/web-service-gin/go.sum: {}
leonardo_cavalcanti_136/web-service-gin/go.mod: {}
leonardo_cavalcanti_136/web-service-gin/main.go: {}
leonardo_cavalcanti_136/web-service-gin/main.go: {}
leonardo_cavalcanti_136/web-service-gin/main.go: {}
leonardo_cavalcanti_136/web-service-gin/main.go: {}
leonardo_cavalcanti_136/web-service-gin/main.go: {}
leonardo_cavalcanti_136/web-service-gin/dockerfile: {}
leonardo_cavalcanti_136/web-service-gin/dockerfile: Using EditorConfig core...
leonardo_cavalcanti_136/web-service-gin/dockerfile: {}
leonardo_cavalcanti_136/web-service-gin/dockerfile: {}
leonardo_cavalcanti_136/web-service-gin/dockerfile: {}
leonardo_cavalcanti_136/web-service-gin/dockerfile: Using EditorConfig core...
leonardo_cavalcanti_136/web-service-gin/dockerfile: Using EditorConfig core...
leonardo_cavalcanti_136/web-service-gin/dockerfile: Using EditorConfig core...
leonardo_cavalcanti_136/web-service-gin/dockerfile: {}
leonardo_cavalcanti_136/web-service-gin/dockerfile: {}
leonardo_cavalcanti_136/web-service-gin/dockerfile: {}
leonardo_cavalcanti_136/web-service-gin/dockerfile: {}
leonardo_cavalcanti_136/web-service-gin/dockerfile: {}
leonardo_cavalcanti_136/web-service-gin/dockerfile: {}
leonardo_cavalcanti_136/web-service-gin/dockerfile: {}
leonardo_cavalcanti_136/web-service-gin/main.go: {}
leonardo_cavalcanti_136/web-service-gin/main.go: Using EditorConfig core...
leonardo_cavalcanti_136/web-service-gin/main.go: Using EditorConfig core...
leonardo_cavalcanti_136/web-service-gin/main.go: Using EditorConfig core...
leonardo_cavalcanti_136/web-service-gin/main.go: Using EditorConfig core...
leonardo_cavalcanti_136/web-service-gin/main.go: {}
leonardo_cavalcanti_136/web-service-gin/dockerfile: {}
leonardo_cavalcanti_136/web-service-gin/dockerfile: {}
leonardo_cavalcanti_136/web-service-gin/dockerfile: {}
leonardo_cavalcanti_136/web-service-gin/dockerfile: {}
leonardo_cavalcanti_136/web-service-gin/dockerfile: {}
leonardo_cavalcanti_136/web-service-gin/dockerfile: {}
leonardo_cavalcanti_136/web-service-gin/dockerfile: {}
leonardo_cavalcanti_136/web-service-gin/main.go: {}
leonardo_cavalcanti_136/web-service-gin/main.go: {}
leonardo_cavalcanti_136/web-service-gin/main.go: {}
leonardo_cavalcanti_136/web-service-gin/main.go: {}
leonardo_cavalcanti_136/web-service-gin/main.go: {}
leonardo_cavalcanti_136/web-service-gin/main.go: Using EditorConfig core...
leonardo_cavalcanti_136/web-service-gin/main.go: Using EditorConfig core...
leonardo_cavalcanti_136/web-service-gin/main.go: Using EditorConfig core...
leonardo_cavalcanti_136/web-service-gin/main.go: Using EditorConfig core...
leonardo_cavalcanti_136/web-service-gin/main.go: Using EditorConfig core...
leonardo_cavalcanti_136/web-service-gin/main.go: Using EditorConfig core...
leonardo_cavalcanti_136/web-service-gin/dockerfile: {}
leonardo_cavalcanti_136/web-service-gin/main.go: {}
leonardo_cavalcanti_136/web-service-gin/main.go: {}
leonardo_cavalcanti_136/web-service-gin/main.go: Using EditorConfig core...
leonardo_cavalcanti_136/web-service-gin/main.go: Using EditorConfig core...
leonardo_cavalcanti_136/web-service-gin/main.go: {}
