2025-06-13 12:38:55.928 [info] Reading sessions from keychain...
2025-06-13 12:38:55.928 [info] Getting sessions for all scopes...
2025-06-13 12:38:55.928 [info] Got 0 sessions for ...
2025-06-13 12:38:56.093 [info] Getting sessions for read:user,repo,user:email,workflow...
2025-06-13 12:38:56.093 [info] Got 0 sessions for read:user,repo,user:email,workflow...
2025-06-13 12:38:59.013 [info] Logging in with 'any' account...
2025-06-13 12:38:59.013 [info] Logging in for the following scopes: read:user repo user:email workflow
2025-06-13 12:38:59.356 [info] Trying device code flow... (read:user repo user:email workflow)
2025-06-13 12:39:31.263 [info] Getting user info...
2025-06-13 12:39:31.572 [info] Got account info!
2025-06-13 12:39:31.573 [info] Storing 1 sessions...
2025-06-13 12:39:31.751 [info] Reading sessions from keychain...
2025-06-13 12:39:31.751 [info] Stored 1 sessions!
2025-06-13 12:39:31.751 [info] Login success!
2025-06-13 12:39:31.924 [info] Got stored sessions!
2025-06-13 12:39:31.924 [info] Got 1 verified sessions.
2025-06-13 12:39:32.267 [info] Getting sessions for read:user,repo,user:email,workflow...
2025-06-13 12:39:32.267 [info] Got 1 sessions for read:user,repo,user:email,workflow...
2025-06-13 12:39:33.308 [info] Getting sessions for read:user,repo,user:email,workflow...
2025-06-13 12:39:33.309 [info] Got 1 sessions for read:user,repo,user:email,workflow...
2025-06-13 12:39:43.196 [info] Getting sessions for read:user,repo,user:email,workflow...
2025-06-13 12:39:43.196 [info] Got 1 sessions for read:user,repo,user:email,workflow...
2025-06-13 12:39:43.954 [info] Getting sessions for read:user,repo,user:email,workflow...
2025-06-13 12:39:43.954 [info] Got 1 sessions for read:user,repo,user:email,workflow...
