2025-06-13 12:33:52.363 [info] [main] Log level: Info
2025-06-13 12:33:52.363 [info] [main] Validating found git in: "git"
2025-06-13 12:33:52.363 [info] [main] Using git "2.43.0" from "git"
2025-06-13 12:33:52.363 [info] [Model][doInitialScan] Initial repository scan started
2025-06-13 12:33:52.363 [info] > git rev-parse --show-toplevel [23ms]
2025-06-13 12:33:52.363 [info] > git rev-parse --git-dir --git-common-dir [2ms]
2025-06-13 12:33:52.363 [info] [Model][openRepository] Opened repository: /home/leonardo_cavalcanti_136
2025-06-13 12:33:52.363 [info] > git config --get commit.template [9ms]
2025-06-13 12:33:52.363 [info] > git rev-parse --show-toplevel [3ms]
2025-06-13 12:33:52.363 [info] fatal: this operation must be run in a work tree
2025-06-13 12:33:52.363 [info] [Git][getRemotes] No remotes found in the git config file
2025-06-13 12:33:52.363 [info] > git rev-parse --show-toplevel [2ms]
2025-06-13 12:33:52.363 [info] > git rev-parse --show-toplevel [3ms]
2025-06-13 12:33:52.363 [info] > git rev-parse --show-toplevel [2ms]
2025-06-13 12:33:52.363 [info] > git rev-parse --show-toplevel [2ms]
2025-06-13 12:33:52.363 [info] > git for-each-ref --format=%(refname)%00%(upstream:short)%00%(objectname)%00%(upstream:track)%00%(upstream:remotename)%00%(upstream:remoteref) refs/heads/master refs/remotes/master [47ms]
2025-06-13 12:33:52.363 [info] > git rev-parse --show-toplevel [21ms]
2025-06-13 12:33:52.363 [info] > git status -z -uall [2280ms]
2025-06-13 12:33:52.363 [info] > git for-each-ref --sort -committerdate --format %(refname)%00%(objectname)%00%(*objectname) [2274ms]
2025-06-13 12:33:52.363 [info] > git rev-parse --show-toplevel [2286ms]
2025-06-13 12:33:52.363 [info] > git for-each-ref --format=%(refname)%00%(upstream:short)%00%(objectname)%00%(upstream:track)%00%(upstream:remotename)%00%(upstream:remoteref) refs/heads/master refs/remotes/master [26ms]
2025-06-13 12:33:52.363 [info] > git rev-parse --show-toplevel [14ms]
2025-06-13 12:33:52.363 [info] > git config --get commit.template [23ms]
2025-06-13 12:33:52.363 [info] > git config --get --local branch.master.vscode-merge-base [15ms]
2025-06-13 12:33:52.363 [warning] [Git][config] git config failed: Failed to execute git
2025-06-13 12:33:52.363 [info] [Git][getRemotes] No remotes found in the git config file
2025-06-13 12:33:52.363 [info] > git rev-parse --show-toplevel [19ms]
2025-06-13 12:33:52.363 [info] [Model][doInitialScan] Initial repository scan completed - repositories (1), closed repositories (0), parent repositories (0), unsafe repositories (0)
2025-06-13 12:33:52.363 [info] > git for-each-ref --format=%(refname)%00%(upstream:short)%00%(objectname)%00%(upstream:track)%00%(upstream:remotename)%00%(upstream:remoteref) refs/heads/master refs/remotes/master [3ms]
2025-06-13 12:33:52.363 [info] > git reflog master --grep-reflog=branch: Created from *. [32ms]
2025-06-13 12:33:52.433 [info] > git status -z -uall [132ms]
2025-06-13 12:33:52.433 [info] > git for-each-ref --sort -committerdate --format %(refname)%00%(objectname)%00%(*objectname) [120ms]
2025-06-13 12:33:52.607 [info] > git show --textconv :.git/COMMIT_EDITMSG [16ms]
2025-06-13 12:33:52.622 [info] > git ls-files --stage -- .git/COMMIT_EDITMSG [19ms]
2025-06-13 12:33:52.642 [info] > git hash-object -t tree /dev/null [22ms]
2025-06-13 12:33:52.643 [warning] [GitFileSystemProvider][readFile] File not found - git:/home/leonardo_cavalcanti_136/.git/COMMIT_EDITMSG.git?%7B%22path%22%3A%22%2Fhome%2Fleonardo_cavalcanti_136%2F.git%2FCOMMIT_EDITMSG%22%2C%22ref%22%3A%22%22%7D
2025-06-13 12:33:52.652 [info] > git hash-object -t tree /dev/null [20ms]
2025-06-13 12:33:52.652 [warning] [GitFileSystemProvider][stat] File not found - git:/home/leonardo_cavalcanti_136/.git/COMMIT_EDITMSG.git?%7B%22path%22%3A%22%2Fhome%2Fleonardo_cavalcanti_136%2F.git%2FCOMMIT_EDITMSG%22%2C%22ref%22%3A%22%22%7D
2025-06-13 12:33:52.714 [info] > git check-ignore -v -z --stdin [20ms]
2025-06-13 12:34:26.462 [info] > git config --get commit.template [2ms]
2025-06-13 12:34:26.494 [info] [Git][getRemotes] No remotes found in the git config file
2025-06-13 12:34:26.495 [info] > git for-each-ref --format=%(refname)%00%(upstream:short)%00%(objectname)%00%(upstream:track)%00%(upstream:remotename)%00%(upstream:remoteref) refs/heads/master refs/remotes/master [19ms]
2025-06-13 12:34:26.555 [info] > git for-each-ref --sort -committerdate --format %(refname)%00%(objectname)%00%(*objectname) [7ms]
2025-06-13 12:34:26.629 [info] > git status -z -uall [116ms]
2025-06-13 12:34:30.394 [info] > git check-ignore -v -z --stdin [12ms]
2025-06-13 12:34:31.654 [info] [Git][getRemotes] No remotes found in the git config file
2025-06-13 12:34:31.656 [info] > git config --get commit.template [10ms]
2025-06-13 12:34:31.657 [info] > git for-each-ref --format=%(refname)%00%(upstream:short)%00%(objectname)%00%(upstream:track)%00%(upstream:remotename)%00%(upstream:remoteref) refs/heads/master refs/remotes/master [3ms]
2025-06-13 12:34:31.695 [info] > git for-each-ref --sort -committerdate --format %(refname)%00%(objectname)%00%(*objectname) [15ms]
2025-06-13 12:34:31.774 [info] > git status -z -uall [109ms]
2025-06-13 12:34:34.090 [info] > git log --format=%H%n%aN%n%aE%n%at%n%ct%n%P%n%D%n%B -z --shortstat --diff-merges=first-parent -n50 --skip=0 --topo-order --decorate=full --stdin [4250ms]
2025-06-13 12:34:54.298 [info] > git config --get commit.template [8ms]
2025-06-13 12:34:54.312 [info] [Git][getRemotes] No remotes found in the git config file
2025-06-13 12:34:54.328 [info] > git for-each-ref --format=%(refname)%00%(upstream:short)%00%(objectname)%00%(upstream:track)%00%(upstream:remotename)%00%(upstream:remoteref) refs/heads/master refs/remotes/master [8ms]
2025-06-13 12:34:54.374 [info] > git for-each-ref --sort -committerdate --format %(refname)%00%(objectname)%00%(*objectname) [19ms]
2025-06-13 12:34:54.456 [info] > git status -z -uall [120ms]
2025-06-13 12:36:02.587 [info] [Git][getRemotes] No remotes found in the git config file
2025-06-13 12:36:02.588 [info] > git config --get commit.template [10ms]
2025-06-13 12:36:02.589 [info] > git for-each-ref --format=%(refname)%00%(upstream:short)%00%(objectname)%00%(upstream:track)%00%(upstream:remotename)%00%(upstream:remoteref) refs/heads/master refs/remotes/master [3ms]
2025-06-13 12:36:02.622 [info] > git for-each-ref --sort -committerdate --format %(refname)%00%(objectname)%00%(*objectname) [9ms]
2025-06-13 12:36:02.705 [info] > git status -z -uall [107ms]
2025-06-13 12:36:06.075 [info] > git log --format=%H%n%aN%n%aE%n%at%n%ct%n%P%n%D%n%B -z --shortstat --diff-merges=first-parent -n50 --skip=0 --topo-order --decorate=full --stdin [3335ms]
2025-06-13 12:36:07.728 [info] [Git][getRemotes] No remotes found in the git config file
2025-06-13 12:36:07.729 [info] > git config --get commit.template [11ms]
2025-06-13 12:36:07.730 [info] > git for-each-ref --format=%(refname)%00%(upstream:short)%00%(objectname)%00%(upstream:track)%00%(upstream:remotename)%00%(upstream:remoteref) refs/heads/master refs/remotes/master [2ms]
2025-06-13 12:36:07.756 [info] > git for-each-ref --sort -committerdate --format %(refname)%00%(objectname)%00%(*objectname) [3ms]
2025-06-13 12:36:07.838 [info] > git status -z -uall [100ms]
2025-06-13 12:36:24.058 [info] > git config --get commit.template [2ms]
2025-06-13 12:36:24.067 [info] [Git][getRemotes] No remotes found in the git config file
2025-06-13 12:36:24.069 [info] > git for-each-ref --format=%(refname)%00%(upstream:short)%00%(objectname)%00%(upstream:track)%00%(upstream:remotename)%00%(upstream:remoteref) refs/heads/master refs/remotes/master [3ms]
2025-06-13 12:36:24.106 [info] > git for-each-ref --sort -committerdate --format %(refname)%00%(objectname)%00%(*objectname) [8ms]
2025-06-13 12:36:24.176 [info] > git status -z -uall [99ms]
2025-06-13 12:36:56.508 [info] > git config --get commit.template [3ms]
2025-06-13 12:36:56.518 [info] [Git][getRemotes] No remotes found in the git config file
2025-06-13 12:36:56.520 [info] > git for-each-ref --format=%(refname)%00%(upstream:short)%00%(objectname)%00%(upstream:track)%00%(upstream:remotename)%00%(upstream:remoteref) refs/heads/master refs/remotes/master [2ms]
2025-06-13 12:36:56.562 [info] > git for-each-ref --sort -committerdate --format %(refname)%00%(objectname)%00%(*objectname) [7ms]
2025-06-13 12:36:56.635 [info] > git status -z -uall [105ms]
2025-06-13 12:37:01.659 [info] [Git][getRemotes] No remotes found in the git config file
2025-06-13 12:37:01.660 [info] > git config --get commit.template [11ms]
2025-06-13 12:37:01.661 [info] > git for-each-ref --format=%(refname)%00%(upstream:short)%00%(objectname)%00%(upstream:track)%00%(upstream:remotename)%00%(upstream:remoteref) refs/heads/master refs/remotes/master [2ms]
2025-06-13 12:37:01.700 [info] > git for-each-ref --sort -committerdate --format %(refname)%00%(objectname)%00%(*objectname) [13ms]
2025-06-13 12:37:01.773 [info] > git status -z -uall [102ms]
2025-06-13 12:38:40.943 [info] > git config --get commit.template [3ms]
2025-06-13 12:38:40.954 [info] > git for-each-ref --format=%(refname)%00%(upstream:short)%00%(objectname)%00%(upstream:track)%00%(upstream:remotename)%00%(upstream:remoteref) refs/heads/master refs/remotes/master [2ms]
2025-06-13 12:38:40.995 [info] > git for-each-ref --sort -committerdate --format %(refname)%00%(objectname)%00%(*objectname) [6ms]
2025-06-13 12:38:41.068 [info] > git status -z -uall [104ms]
2025-06-13 12:38:47.707 [info] > git config --get commit.template [10ms]
2025-06-13 12:38:47.708 [info] > git for-each-ref --format=%(refname)%00%(upstream:short)%00%(objectname)%00%(upstream:track)%00%(upstream:remotename)%00%(upstream:remoteref) refs/heads/master refs/remotes/master [2ms]
2025-06-13 12:38:47.740 [info] > git for-each-ref --sort -committerdate --format %(refname)%00%(objectname)%00%(*objectname) [4ms]
2025-06-13 12:38:47.823 [info] > git status -z -uall [105ms]
2025-06-13 12:39:38.974 [info] > git config --get commit.template [10ms]
2025-06-13 12:39:38.975 [info] > git for-each-ref --format=%(refname)%00%(upstream:short)%00%(objectname)%00%(upstream:track)%00%(upstream:remotename)%00%(upstream:remoteref) refs/heads/main refs/remotes/main [2ms]
2025-06-13 12:39:39.006 [info] > git for-each-ref --sort -committerdate --format %(refname)%00%(objectname)%00%(*objectname) [1ms]
2025-06-13 12:39:39.086 [info] > git status -z -uall [101ms]
2025-06-13 12:39:39.104 [info] > git for-each-ref --format=%(refname)%00%(upstream:short)%00%(objectname)%00%(upstream:track)%00%(upstream:remotename)%00%(upstream:remoteref) refs/heads/main refs/remotes/main [4ms]
2025-06-13 12:39:39.116 [info] > git config --get --local branch.main.vscode-merge-base [2ms]
2025-06-13 12:39:39.116 [warning] [Git][config] git config failed: Failed to execute git
2025-06-13 12:39:39.129 [info] > git reflog main --grep-reflog=branch: Created from *. [3ms]
2025-06-13 12:39:39.143 [info] > git symbolic-ref --short refs/remotes/origin/HEAD [3ms]
2025-06-13 12:39:39.143 [info] fatal: ref refs/remotes/origin/HEAD is not a symbolic ref
2025-06-13 12:39:39.143 [warning] [Repository][getDefaultBranch] Failed to get default branch details: Failed to execute git.
2025-06-13 12:39:40.655 [info] > git check-ignore -v -z --stdin [8ms]
2025-06-13 12:39:42.857 [info] > git log --format=%H%n%aN%n%aE%n%at%n%ct%n%P%n%D%n%B -z --shortstat --diff-merges=first-parent -n50 --skip=0 --topo-order --decorate=full --stdin [3367ms]
2025-06-13 12:39:47.931 [info] > git config --get commit.template [2ms]
2025-06-13 12:39:47.944 [info] > git for-each-ref --format=%(refname)%00%(upstream:short)%00%(objectname)%00%(upstream:track)%00%(upstream:remotename)%00%(upstream:remoteref) refs/heads/main refs/remotes/main [3ms]
2025-06-13 12:39:47.979 [info] > git for-each-ref --sort -committerdate --format %(refname)%00%(objectname)%00%(*objectname) [1ms]
2025-06-13 12:39:48.058 [info] > git status -z -uall [103ms]
2025-06-13 12:39:48.079 [info] > git merge-base refs/heads/main refs/remotes/origin/main [3ms]
2025-06-13 12:39:48.094 [info] > git diff --name-status -z --diff-filter=ADMR 09124304c66f40643ae8167e5b4c422d82edfedc...refs/remotes/origin/main [4ms]
2025-06-13 12:39:51.679 [info] > git log --format=%H%n%aN%n%aE%n%at%n%ct%n%P%n%D%n%B -z --shortstat --diff-merges=first-parent -n50 --skip=0 --topo-order --decorate=full --stdin [3339ms]
2025-06-13 12:39:53.102 [info] > git config --get commit.template [12ms]
2025-06-13 12:39:53.104 [info] > git for-each-ref --format=%(refname)%00%(upstream:short)%00%(objectname)%00%(upstream:track)%00%(upstream:remotename)%00%(upstream:remoteref) refs/heads/main refs/remotes/main [3ms]
2025-06-13 12:39:53.138 [info] > git for-each-ref --sort -committerdate --format %(refname)%00%(objectname)%00%(*objectname) [3ms]
2025-06-13 12:39:53.220 [info] > git status -z -uall [105ms]
2025-06-13 12:40:15.563 [info] > git blame --root --incremental 09124304c66f40643ae8167e5b4c422d82edfedc -- .git/COMMIT_EDITMSG [3ms]
2025-06-13 12:40:15.563 [info] fatal: no such path .git/COMMIT_EDITMSG in 09124304c66f40643ae8167e5b4c422d82edfedc
2025-06-13 12:40:32.109 [info] > git log --format=%H%n%aN%n%aE%n%at%n%ct%n%P%n%D%n%B -z --shortstat --diff-merges=first-parent -n50 --skip=0 --topo-order --decorate=full --stdin [3356ms]
2025-06-13 12:40:37.752 [info] > git check-ignore -v -z --stdin [18ms]
2025-06-13 12:40:39.841 [info] > git check-ignore -v -z --stdin [18ms]
2025-06-13 12:44:58.125 [info] > git config --get commit.template [11ms]
2025-06-13 12:44:58.126 [info] > git for-each-ref --format=%(refname)%00%(upstream:short)%00%(objectname)%00%(upstream:track)%00%(upstream:remotename)%00%(upstream:remoteref) refs/heads/main refs/remotes/main [2ms]
2025-06-13 12:44:58.158 [info] > git for-each-ref --sort -committerdate --format %(refname)%00%(objectname)%00%(*objectname) [8ms]
2025-06-13 12:44:58.233 [info] > git status -z -uall [96ms]
2025-06-13 12:44:58.263 [info] > git blame --root --incremental 4568103e55fe1b3fd33d0c3dfd4dc0a6c69dd1ef -- .git/COMMIT_EDITMSG [14ms]
2025-06-13 12:44:58.263 [info] fatal: no such path .git/COMMIT_EDITMSG in 4568103e55fe1b3fd33d0c3dfd4dc0a6c69dd1ef
2025-06-13 12:44:58.264 [info] > git merge-base refs/heads/main refs/remotes/origin/main [4ms]
2025-06-13 12:44:58.277 [info] > git diff --name-status -z --diff-filter=ADMR 09124304c66f40643ae8167e5b4c422d82edfedc...refs/remotes/origin/main [3ms]
2025-06-13 12:45:01.921 [info] > git log --format=%H%n%aN%n%aE%n%at%n%ct%n%P%n%D%n%B -z --shortstat --diff-merges=first-parent -n50 --skip=0 --topo-order --decorate=full --stdin [3409ms]
2025-06-13 12:45:03.285 [info] > git config --get commit.template [11ms]
2025-06-13 12:45:03.287 [info] > git for-each-ref --format=%(refname)%00%(upstream:short)%00%(objectname)%00%(upstream:track)%00%(upstream:remotename)%00%(upstream:remoteref) refs/heads/main refs/remotes/main [3ms]
2025-06-13 12:45:03.330 [info] > git for-each-ref --sort -committerdate --format %(refname)%00%(objectname)%00%(*objectname) [6ms]
2025-06-13 12:45:03.395 [info] > git status -z -uall [96ms]
2025-06-13 12:45:24.911 [info] > git add -A -- . [746ms]
2025-06-13 12:45:25.024 [info] > git -c user.useConfigOnly=true commit --quiet --allow-empty-message --file - [102ms]
2025-06-13 12:45:25.036 [info] > git config --get commit.template [2ms]
2025-06-13 12:45:25.060 [info] > git config --get commit.template [11ms]
2025-06-13 12:45:25.063 [info] > git for-each-ref --format=%(refname)%00%(upstream:short)%00%(objectname)%00%(upstream:track)%00%(upstream:remotename)%00%(upstream:remoteref) refs/heads/main refs/remotes/main [3ms]
2025-06-13 12:45:25.105 [info] > git for-each-ref --sort -committerdate --format %(refname)%00%(objectname)%00%(*objectname) [4ms]
2025-06-13 12:45:25.169 [info] > git status -z -uall [95ms]
2025-06-13 12:45:25.217 [info] > git merge-base refs/heads/main refs/remotes/origin/main [19ms]
2025-06-13 12:45:25.228 [info] > git blame --root --incremental b9522fc29a35ef56a7a2bbf17711074430c7adcf -- .git/COMMIT_EDITMSG [45ms]
2025-06-13 12:45:25.228 [info] fatal: no such path .git/COMMIT_EDITMSG in b9522fc29a35ef56a7a2bbf17711074430c7adcf
2025-06-13 12:45:25.231 [info] > git config --get commit.template [15ms]
2025-06-13 12:45:25.231 [info] > git diff --name-status -z --diff-filter=ADMR 09124304c66f40643ae8167e5b4c422d82edfedc...refs/remotes/origin/main [4ms]
2025-06-13 12:45:25.245 [info] > git for-each-ref --format=%(refname)%00%(upstream:short)%00%(objectname)%00%(upstream:track)%00%(upstream:remotename)%00%(upstream:remoteref) refs/heads/main refs/remotes/main [3ms]
2025-06-13 12:45:25.284 [info] > git for-each-ref --sort -committerdate --format %(refname)%00%(objectname)%00%(*objectname) [6ms]
2025-06-13 12:45:25.353 [info] > git status -z -uall [98ms]
2025-06-13 12:45:25.587 [info] > git config --get commit.template [2ms]
2025-06-13 12:45:25.603 [info] > git for-each-ref --format=%(refname)%00%(upstream:short)%00%(objectname)%00%(upstream:track)%00%(upstream:remotename)%00%(upstream:remoteref) refs/heads/main refs/remotes/main [3ms]
2025-06-13 12:45:25.651 [info] > git for-each-ref --sort -committerdate --format %(refname)%00%(objectname)%00%(*objectname) [4ms]
2025-06-13 12:45:25.715 [info] > git status -z -uall [100ms]
2025-06-13 12:45:29.082 [info] > git log --format=%H%n%aN%n%aE%n%at%n%ct%n%P%n%D%n%B -z --shortstat --diff-merges=first-parent -n50 --skip=0 --topo-order --decorate=full --stdin [3517ms]
2025-06-13 12:48:23.161 [info] > git config --get commit.template [2ms]
2025-06-13 12:48:23.173 [info] > git for-each-ref --format=%(refname)%00%(upstream:short)%00%(objectname)%00%(upstream:track)%00%(upstream:remotename)%00%(upstream:remoteref) refs/heads/main refs/remotes/main [3ms]
2025-06-13 12:48:23.201 [info] > git for-each-ref --sort -committerdate --format %(refname)%00%(objectname)%00%(*objectname) [5ms]
2025-06-13 12:48:23.278 [info] > git status -z -uall [95ms]
2025-06-13 12:49:57.765 [info] > git config --get commit.template [12ms]
2025-06-13 12:49:57.766 [info] > git for-each-ref --format=%(refname)%00%(upstream:short)%00%(objectname)%00%(upstream:track)%00%(upstream:remotename)%00%(upstream:remoteref) refs/heads/main refs/remotes/main [3ms]
2025-06-13 12:49:57.795 [info] > git for-each-ref --sort -committerdate --format %(refname)%00%(objectname)%00%(*objectname) [3ms]
2025-06-13 12:49:57.872 [info] > git status -z -uall [95ms]
2025-06-13 12:50:31.866 [info] > git config --get commit.template [11ms]
2025-06-13 12:50:31.869 [info] > git for-each-ref --format=%(refname)%00%(upstream:short)%00%(objectname)%00%(upstream:track)%00%(upstream:remotename)%00%(upstream:remoteref) refs/heads/main refs/remotes/main [4ms]
2025-06-13 12:50:31.925 [info] > git for-each-ref --sort -committerdate --format %(refname)%00%(objectname)%00%(*objectname) [13ms]
2025-06-13 12:50:32.009 [info] > git status -z -uall [129ms]
2025-06-13 12:50:37.027 [info] > git config --get commit.template [2ms]
2025-06-13 12:50:37.041 [info] > git for-each-ref --format=%(refname)%00%(upstream:short)%00%(objectname)%00%(upstream:track)%00%(upstream:remotename)%00%(upstream:remoteref) refs/heads/main refs/remotes/main [4ms]
2025-06-13 12:50:37.079 [info] > git for-each-ref --sort -committerdate --format %(refname)%00%(objectname)%00%(*objectname) [10ms]
2025-06-13 12:50:37.147 [info] > git status -z -uall [95ms]
2025-06-13 12:51:11.508 [info] > git config --get commit.template [11ms]
2025-06-13 12:51:11.510 [info] > git for-each-ref --format=%(refname)%00%(upstream:short)%00%(objectname)%00%(upstream:track)%00%(upstream:remotename)%00%(upstream:remoteref) refs/heads/main refs/remotes/main [3ms]
2025-06-13 12:51:11.545 [info] > git for-each-ref --sort -committerdate --format %(refname)%00%(objectname)%00%(*objectname) [11ms]
2025-06-13 12:51:11.616 [info] > git status -z -uall [95ms]
2025-06-13 12:51:16.641 [info] > git config --get commit.template [11ms]
2025-06-13 12:51:16.643 [info] > git for-each-ref --format=%(refname)%00%(upstream:short)%00%(objectname)%00%(upstream:track)%00%(upstream:remotename)%00%(upstream:remoteref) refs/heads/main refs/remotes/main [3ms]
2025-06-13 12:51:16.682 [info] > git for-each-ref --sort -committerdate --format %(refname)%00%(objectname)%00%(*objectname) [11ms]
2025-06-13 12:51:16.751 [info] > git status -z -uall [97ms]
2025-06-13 12:51:35.010 [info] > git check-ignore -v -z --stdin [7ms]
2025-06-13 12:51:37.707 [info] > git config --get commit.template [11ms]
2025-06-13 12:51:37.710 [info] > git for-each-ref --format=%(refname)%00%(upstream:short)%00%(objectname)%00%(upstream:track)%00%(upstream:remotename)%00%(upstream:remoteref) refs/heads/main refs/remotes/main [3ms]
2025-06-13 12:51:37.737 [info] > git for-each-ref --sort -committerdate --format %(refname)%00%(objectname)%00%(*objectname) [1ms]
2025-06-13 12:51:37.923 [info] > git status -z -uall [203ms]
2025-06-13 12:51:53.545 [info] > git config --get commit.template [11ms]
2025-06-13 12:51:53.547 [info] > git for-each-ref --format=%(refname)%00%(upstream:short)%00%(objectname)%00%(upstream:track)%00%(upstream:remotename)%00%(upstream:remoteref) refs/heads/main refs/remotes/main [3ms]
2025-06-13 12:51:53.579 [info] > git for-each-ref --sort -committerdate --format %(refname)%00%(objectname)%00%(*objectname) [4ms]
2025-06-13 12:51:53.652 [info] > git status -z -uall [94ms]
2025-06-13 12:52:02.356 [info] > git config --get commit.template [11ms]
2025-06-13 12:52:02.358 [info] > git for-each-ref --format=%(refname)%00%(upstream:short)%00%(objectname)%00%(upstream:track)%00%(upstream:remotename)%00%(upstream:remoteref) refs/heads/main refs/remotes/main [3ms]
2025-06-13 12:52:02.401 [info] > git for-each-ref --sort -committerdate --format %(refname)%00%(objectname)%00%(*objectname) [6ms]
2025-06-13 12:52:02.465 [info] > git status -z -uall [95ms]
2025-06-13 12:52:11.007 [info] > git config --get commit.template [2ms]
2025-06-13 12:52:11.025 [info] > git for-each-ref --format=%(refname)%00%(upstream:short)%00%(objectname)%00%(upstream:track)%00%(upstream:remotename)%00%(upstream:remoteref) refs/heads/main refs/remotes/main [2ms]
2025-06-13 12:52:11.066 [info] > git for-each-ref --sort -committerdate --format %(refname)%00%(objectname)%00%(*objectname) [4ms]
2025-06-13 12:52:11.132 [info] > git status -z -uall [94ms]
2025-06-13 12:52:16.149 [info] > git check-ignore -v -z --stdin [8ms]
2025-06-13 12:52:16.741 [info] > git check-ignore -v -z --stdin [9ms]
2025-06-13 12:52:36.509 [info] > git log --format=%H%n%aN%n%aE%n%at%n%ct%n%P%n%D%n%B -z --shortstat --diff-merges=first-parent -n50 --skip=0 --topo-order --decorate=full --stdin [3500ms]
2025-06-13 12:52:59.258 [info] > git check-ignore -v -z --stdin [9ms]
2025-06-13 12:54:41.136 [info] > git config --get commit.template [11ms]
2025-06-13 12:54:41.139 [info] > git for-each-ref --format=%(refname)%00%(upstream:short)%00%(objectname)%00%(upstream:track)%00%(upstream:remotename)%00%(upstream:remoteref) refs/heads/main refs/remotes/main [3ms]
2025-06-13 12:54:41.172 [info] > git for-each-ref --sort -committerdate --format %(refname)%00%(objectname)%00%(*objectname) [5ms]
2025-06-13 12:54:41.243 [info] > git status -z -uall [93ms]
2025-06-13 12:55:08.905 [info] > git config --get commit.template [12ms]
2025-06-13 12:55:08.907 [info] > git for-each-ref --format=%(refname)%00%(upstream:short)%00%(objectname)%00%(upstream:track)%00%(upstream:remotename)%00%(upstream:remoteref) refs/heads/main refs/remotes/main [3ms]
2025-06-13 12:55:08.945 [info] > git for-each-ref --sort -committerdate --format %(refname)%00%(objectname)%00%(*objectname) [5ms]
2025-06-13 12:55:09.013 [info] > git status -z -uall [94ms]
2025-06-13 12:55:13.686 [info] > git log --format=%H%n%aN%n%aE%n%at%n%ct%n%P%n%D%n%B -z --shortstat --diff-merges=first-parent -n50 --skip=0 --topo-order --decorate=full --stdin [3548ms]
2025-06-13 12:55:14.041 [info] > git config --get commit.template [12ms]
2025-06-13 12:55:14.043 [info] > git for-each-ref --format=%(refname)%00%(upstream:short)%00%(objectname)%00%(upstream:track)%00%(upstream:remotename)%00%(upstream:remoteref) refs/heads/main refs/remotes/main [3ms]
2025-06-13 12:55:14.075 [info] > git for-each-ref --sort -committerdate --format %(refname)%00%(objectname)%00%(*objectname) [1ms]
2025-06-13 12:55:14.147 [info] > git status -z -uall [93ms]
2025-06-13 12:55:51.687 [info] > git config --get commit.template [11ms]
2025-06-13 12:55:51.689 [info] > git for-each-ref --format=%(refname)%00%(upstream:short)%00%(objectname)%00%(upstream:track)%00%(upstream:remotename)%00%(upstream:remoteref) refs/heads/main refs/remotes/main [3ms]
2025-06-13 12:55:51.732 [info] > git for-each-ref --sort -committerdate --format %(refname)%00%(objectname)%00%(*objectname) [8ms]
2025-06-13 12:55:51.795 [info] > git status -z -uall [95ms]
2025-06-13 12:55:51.811 [info] > git merge-base refs/heads/main refs/remotes/origin/main [2ms]
2025-06-13 12:55:51.825 [info] > git diff --name-status -z --diff-filter=ADMR 09124304c66f40643ae8167e5b4c422d82edfedc...refs/remotes/origin/main [4ms]
2025-06-13 12:55:56.833 [info] > git config --get commit.template [12ms]
2025-06-13 12:55:56.835 [info] > git for-each-ref --format=%(refname)%00%(upstream:short)%00%(objectname)%00%(upstream:track)%00%(upstream:remotename)%00%(upstream:remoteref) refs/heads/main refs/remotes/main [3ms]
2025-06-13 12:55:56.876 [info] > git for-each-ref --sort -committerdate --format %(refname)%00%(objectname)%00%(*objectname) [11ms]
2025-06-13 12:55:56.944 [info] > git status -z -uall [97ms]
2025-06-13 12:56:52.328 [info] > git log --format=%H%n%aN%n%aE%n%at%n%ct%n%P%n%D%n%B -z --shortstat --diff-merges=first-parent -n50 --skip=0 --topo-order --decorate=full --stdin [3512ms]
2025-06-13 12:56:54.016 [info] > git config --get commit.template [12ms]
2025-06-13 12:56:54.018 [info] > git for-each-ref --format=%(refname)%00%(upstream:short)%00%(objectname)%00%(upstream:track)%00%(upstream:remotename)%00%(upstream:remoteref) refs/heads/main refs/remotes/main [3ms]
2025-06-13 12:56:54.054 [info] > git for-each-ref --sort -committerdate --format %(refname)%00%(objectname)%00%(*objectname) [4ms]
2025-06-13 12:56:54.127 [info] > git status -z -uall [97ms]
2025-06-13 12:56:54.143 [info] > git merge-base refs/heads/main refs/remotes/origin/main [3ms]
2025-06-13 12:56:54.158 [info] > git diff --name-status -z --diff-filter=ADMR 09124304c66f40643ae8167e5b4c422d82edfedc...refs/remotes/origin/main [4ms]
2025-06-13 12:56:57.863 [info] > git log --format=%H%n%aN%n%aE%n%at%n%ct%n%P%n%D%n%B -z --shortstat --diff-merges=first-parent -n50 --skip=0 --topo-order --decorate=full --stdin [3536ms]
2025-06-13 12:57:13.094 [info] > git check-ignore -v -z --stdin [8ms]
2025-06-13 12:57:21.332 [info] > git config --get commit.template [2ms]
2025-06-13 12:57:21.345 [info] > git for-each-ref --format=%(refname)%00%(upstream:short)%00%(objectname)%00%(upstream:track)%00%(upstream:remotename)%00%(upstream:remoteref) refs/heads/main refs/remotes/main [3ms]
2025-06-13 12:57:21.384 [info] > git for-each-ref --sort -committerdate --format %(refname)%00%(objectname)%00%(*objectname) [7ms]
2025-06-13 12:57:21.449 [info] > git status -z -uall [93ms]
2025-06-13 12:57:26.405 [info] > git log --format=%H%n%aN%n%aE%n%at%n%ct%n%P%n%D%n%B -z --shortstat --diff-merges=first-parent -n50 --skip=0 --topo-order --decorate=full --stdin [3558ms]
2025-06-13 12:58:28.291 [info] > git add -A -- . [200ms]
2025-06-13 12:58:28.369 [info] > git -c user.useConfigOnly=true commit --quiet --allow-empty-message --file - [68ms]
2025-06-13 12:58:28.382 [info] > git config --get commit.template [3ms]
2025-06-13 12:58:28.406 [info] > git config --get commit.template [11ms]
2025-06-13 12:58:28.408 [info] > git for-each-ref --format=%(refname)%00%(upstream:short)%00%(objectname)%00%(upstream:track)%00%(upstream:remotename)%00%(upstream:remoteref) refs/heads/main refs/remotes/main [3ms]
2025-06-13 12:58:28.442 [info] > git for-each-ref --sort -committerdate --format %(refname)%00%(objectname)%00%(*objectname) [6ms]
2025-06-13 12:58:28.509 [info] > git status -z -uall [91ms]
2025-06-13 12:58:28.528 [info] > git merge-base refs/heads/main refs/remotes/origin/main [4ms]
2025-06-13 12:58:28.541 [info] > git diff --name-status -z --diff-filter=ADMR 09124304c66f40643ae8167e5b4c422d82edfedc...refs/remotes/origin/main [3ms]
2025-06-13 12:58:28.746 [info] > git config --get commit.template [12ms]
2025-06-13 12:58:28.747 [info] > git for-each-ref --format=%(refname)%00%(upstream:short)%00%(objectname)%00%(upstream:track)%00%(upstream:remotename)%00%(upstream:remoteref) refs/heads/main refs/remotes/main [4ms]
2025-06-13 12:58:28.792 [info] > git for-each-ref --sort -committerdate --format %(refname)%00%(objectname)%00%(*objectname) [2ms]
2025-06-13 12:58:28.854 [info] > git status -z -uall [97ms]
2025-06-13 12:58:29.050 [info] > git config --get commit.template [12ms]
2025-06-13 12:58:29.052 [info] > git for-each-ref --format=%(refname)%00%(upstream:short)%00%(objectname)%00%(upstream:track)%00%(upstream:remotename)%00%(upstream:remoteref) refs/heads/main refs/remotes/main [3ms]
2025-06-13 12:58:29.099 [info] > git for-each-ref --sort -committerdate --format %(refname)%00%(objectname)%00%(*objectname) [9ms]
2025-06-13 12:58:29.164 [info] > git status -z -uall [102ms]
2025-06-13 12:58:32.278 [info] > git log --format=%H%n%aN%n%aE%n%at%n%ct%n%P%n%D%n%B -z --shortstat --diff-merges=first-parent -n50 --skip=0 --topo-order --decorate=full --stdin [3559ms]
2025-06-13 12:58:49.676 [info] > git log --format=%H%n%aN%n%aE%n%at%n%ct%n%P%n%D%n%B -z --shortstat --diff-merges=first-parent -n50 --skip=0 --topo-order --decorate=full --stdin [3508ms]
2025-06-13 13:00:06.097 [info] > git config --get commit.template [12ms]
2025-06-13 13:00:06.099 [info] > git for-each-ref --format=%(refname)%00%(upstream:short)%00%(objectname)%00%(upstream:track)%00%(upstream:remotename)%00%(upstream:remoteref) refs/heads/main refs/remotes/main [3ms]
2025-06-13 13:00:06.137 [info] > git for-each-ref --sort -committerdate --format %(refname)%00%(objectname)%00%(*objectname) [16ms]
2025-06-13 13:00:06.207 [info] > git status -z -uall [97ms]
2025-06-13 13:00:11.232 [info] > git config --get commit.template [11ms]
2025-06-13 13:00:11.234 [info] > git for-each-ref --format=%(refname)%00%(upstream:short)%00%(objectname)%00%(upstream:track)%00%(upstream:remotename)%00%(upstream:remoteref) refs/heads/main refs/remotes/main [3ms]
2025-06-13 13:00:11.277 [info] > git for-each-ref --sort -committerdate --format %(refname)%00%(objectname)%00%(*objectname) [3ms]
2025-06-13 13:00:11.337 [info] > git status -z -uall [92ms]
2025-06-13 13:00:47.845 [info] > git config --get commit.template [11ms]
2025-06-13 13:00:47.847 [info] > git for-each-ref --format=%(refname)%00%(upstream:short)%00%(objectname)%00%(upstream:track)%00%(upstream:remotename)%00%(upstream:remoteref) refs/heads/main refs/remotes/main [3ms]
2025-06-13 13:00:47.890 [info] > git for-each-ref --sort -committerdate --format %(refname)%00%(objectname)%00%(*objectname) [3ms]
2025-06-13 13:00:47.952 [info] > git status -z -uall [94ms]
2025-06-13 13:00:52.977 [info] > git config --get commit.template [11ms]
2025-06-13 13:00:52.979 [info] > git for-each-ref --format=%(refname)%00%(upstream:short)%00%(objectname)%00%(upstream:track)%00%(upstream:remotename)%00%(upstream:remoteref) refs/heads/main refs/remotes/main [3ms]
2025-06-13 13:00:53.020 [info] > git for-each-ref --sort -committerdate --format %(refname)%00%(objectname)%00%(*objectname) [12ms]
2025-06-13 13:00:53.084 [info] > git status -z -uall [94ms]
2025-06-13 13:02:16.606 [info] > git config --get commit.template [2ms]
2025-06-13 13:02:16.620 [info] > git for-each-ref --format=%(refname)%00%(upstream:short)%00%(objectname)%00%(upstream:track)%00%(upstream:remotename)%00%(upstream:remoteref) refs/heads/main refs/remotes/main [4ms]
2025-06-13 13:02:16.663 [info] > git for-each-ref --sort -committerdate --format %(refname)%00%(objectname)%00%(*objectname) [3ms]
2025-06-13 13:02:16.726 [info] > git status -z -uall [95ms]
2025-06-13 13:02:16.743 [info] > git merge-base refs/heads/main refs/remotes/origin/main [3ms]
2025-06-13 13:02:16.757 [info] > git diff --name-status -z --diff-filter=ADMR 09124304c66f40643ae8167e5b4c422d82edfedc...refs/remotes/origin/main [4ms]
2025-06-13 13:02:21.329 [info] > git check-ignore -v -z --stdin [8ms]
2025-06-13 13:02:21.766 [info] > git config --get commit.template [13ms]
2025-06-13 13:02:21.769 [info] > git for-each-ref --format=%(refname)%00%(upstream:short)%00%(objectname)%00%(upstream:track)%00%(upstream:remotename)%00%(upstream:remoteref) refs/heads/main refs/remotes/main [4ms]
2025-06-13 13:02:21.812 [info] > git for-each-ref --sort -committerdate --format %(refname)%00%(objectname)%00%(*objectname) [4ms]
2025-06-13 13:02:21.883 [info] > git status -z -uall [101ms]
2025-06-13 13:02:24.431 [info] > git log --format=%H%n%aN%n%aE%n%at%n%ct%n%P%n%D%n%B -z --shortstat --diff-merges=first-parent -n50 --skip=0 --topo-order --decorate=full --stdin [3623ms]
