2025-06-02 12:37:11.341 [info] Extension host with pid 1274 started
2025-06-02 12:37:11.355 [info] Lock '/home/leonardo_cavalcanti_136/.codeoss/data/User/workspaceStorage/3ebc6ca4/vscode.lock': Lock acquired.
2025-06-02 12:37:11.538 [info] ExtensionService#_doActivateExtension vscode.emmet, startup: false, activationEvent: 'onLanguage'
2025-06-02 12:37:11.759 [info] ExtensionService#_doActivateExtension vscode.git-base, startup: true, activationEvent: '*', root cause: vscode.git
2025-06-02 12:37:11.944 [info] ExtensionService#_doActivateExtension vscode.git, startup: true, activationEvent: '*'
2025-06-02 12:37:11.945 [info] ExtensionService#_doActivateExtension vscode.github, startup: true, activationEvent: '*'
2025-06-02 12:37:12.347 [info] Eager extensions activated
2025-06-02 12:37:12.347 [info] ExtensionService#_doActivateExtension EditorConfig.EditorConfig, startup: false, activationEvent: 'onStartupFinished'
2025-06-02 12:37:12.348 [info] ExtensionService#_doActivateExtension google.cloud-shell, startup: false, activationEvent: 'onStartupFinished'
2025-06-02 12:37:12.348 [info] ExtensionService#_doActivateExtension google.geminicodeassist, startup: false, activationEvent: 'onStartupFinished', root cause: googlecloudtools.cloudcode
2025-06-02 12:37:12.349 [info] ExtensionService#_doActivateExtension vscode.debug-auto-launch, startup: false, activationEvent: 'onStartupFinished'
2025-06-02 12:37:12.349 [info] ExtensionService#_doActivateExtension vscode.merge-conflict, startup: false, activationEvent: 'onStartupFinished'
2025-06-02 12:37:14.285 [info] ExtensionService#_doActivateExtension vscode.configuration-editing, startup: false, activationEvent: 'onLanguage:jsonc'
2025-06-02 12:37:14.285 [info] ExtensionService#_doActivateExtension vscode.json-language-features, startup: false, activationEvent: 'onLanguage:jsonc'
2025-06-02 12:37:14.286 [info] ExtensionService#_doActivateExtension vscode.typescript-language-features, startup: false, activationEvent: 'onLanguage:jsonc'
2025-06-02 12:37:14.458 [info] ExtensionService#_doActivateExtension googlecloudtools.cloudcode, startup: false, activationEvent: 'onStartupFinished'
2025-06-02 12:39:39.545 [info] ExtensionService#_doActivateExtension golang.go, startup: false, activationEvent: 'onLanguage:go'
2025-06-02 12:49:05.346 [error] [golang.go] provider FAILED
2025-06-02 12:49:05.367 [error] Error: getting file for InlayHint: context canceled
    at handleResponse (/google/devshell/editor/code-oss-for-cloud-shell/extensions/golang.Go/dist/goMain.js:8606:40)
    at handleMessage (/google/devshell/editor/code-oss-for-cloud-shell/extensions/golang.Go/dist/goMain.js:8416:11)
    at processMessageQueue (/google/devshell/editor/code-oss-for-cloud-shell/extensions/golang.Go/dist/goMain.js:8431:13)
    at Immediate.<anonymous> (/google/devshell/editor/code-oss-for-cloud-shell/extensions/golang.Go/dist/goMain.js:8407:11)
    at processImmediate (node:internal/timers:483:21)
2025-06-02 12:49:05.975 [error] [golang.go] provider FAILED
2025-06-02 12:49:05.976 [error] Error: context canceled
    at handleResponse (/google/devshell/editor/code-oss-for-cloud-shell/extensions/golang.Go/dist/goMain.js:8606:40)
    at handleMessage (/google/devshell/editor/code-oss-for-cloud-shell/extensions/golang.Go/dist/goMain.js:8416:11)
    at processMessageQueue (/google/devshell/editor/code-oss-for-cloud-shell/extensions/golang.Go/dist/goMain.js:8431:13)
    at Immediate.<anonymous> (/google/devshell/editor/code-oss-for-cloud-shell/extensions/golang.Go/dist/goMain.js:8407:11)
    at processImmediate (node:internal/timers:483:21)
2025-06-02 12:49:15.037 [error] [golang.go] provider FAILED
2025-06-02 12:49:15.038 [error] Error: context canceled
    at handleResponse (/google/devshell/editor/code-oss-for-cloud-shell/extensions/golang.Go/dist/goMain.js:8606:40)
    at handleMessage (/google/devshell/editor/code-oss-for-cloud-shell/extensions/golang.Go/dist/goMain.js:8416:11)
    at processMessageQueue (/google/devshell/editor/code-oss-for-cloud-shell/extensions/golang.Go/dist/goMain.js:8431:13)
    at Immediate.<anonymous> (/google/devshell/editor/code-oss-for-cloud-shell/extensions/golang.Go/dist/goMain.js:8407:11)
    at processImmediate (node:internal/timers:483:21)
2025-06-02 13:29:30.713 [error] [golang.go] provider FAILED
2025-06-02 13:29:30.715 [error] Error: context canceled
    at handleResponse (/google/devshell/editor/code-oss-for-cloud-shell/extensions/golang.Go/dist/goMain.js:8606:40)
    at handleMessage (/google/devshell/editor/code-oss-for-cloud-shell/extensions/golang.Go/dist/goMain.js:8416:11)
    at processMessageQueue (/google/devshell/editor/code-oss-for-cloud-shell/extensions/golang.Go/dist/goMain.js:8431:13)
    at Immediate.<anonymous> (/google/devshell/editor/code-oss-for-cloud-shell/extensions/golang.Go/dist/goMain.js:8407:11)
    at processImmediate (node:internal/timers:483:21)
2025-06-02 13:29:30.735 [error] [golang.go] provider FAILED
2025-06-02 13:29:30.735 [error] Error: context canceled
    at handleResponse (/google/devshell/editor/code-oss-for-cloud-shell/extensions/golang.Go/dist/goMain.js:8606:40)
    at handleMessage (/google/devshell/editor/code-oss-for-cloud-shell/extensions/golang.Go/dist/goMain.js:8416:11)
    at processMessageQueue (/google/devshell/editor/code-oss-for-cloud-shell/extensions/golang.Go/dist/goMain.js:8431:13)
    at Immediate.<anonymous> (/google/devshell/editor/code-oss-for-cloud-shell/extensions/golang.Go/dist/goMain.js:8407:11)
    at processImmediate (node:internal/timers:483:21)
2025-06-02 13:34:35.561 [error] [golang.go] provider FAILED
2025-06-02 13:34:35.561 [error] Error: column is beyond end of line
    at handleResponse (/google/devshell/editor/code-oss-for-cloud-shell/extensions/golang.Go/dist/goMain.js:8606:40)
    at handleMessage (/google/devshell/editor/code-oss-for-cloud-shell/extensions/golang.Go/dist/goMain.js:8416:11)
    at processMessageQueue (/google/devshell/editor/code-oss-for-cloud-shell/extensions/golang.Go/dist/goMain.js:8431:13)
    at Immediate.<anonymous> (/google/devshell/editor/code-oss-for-cloud-shell/extensions/golang.Go/dist/goMain.js:8407:11)
    at processImmediate (node:internal/timers:483:21)
2025-06-02 13:35:49.300 [warning] google.geminicodeassist - Code actions of kind 'source.organizeImports' requested but returned code action is of kind 'quickfix'. Code action will be dropped. Please check 'CodeActionContext.only' to only return requested code actions.
2025-06-02 13:35:49.300 [warning] google.geminicodeassist - Code actions of kind 'source.organizeImports' requested but returned code action is of kind 'quickfix'. Code action will be dropped. Please check 'CodeActionContext.only' to only return requested code actions.
2025-06-02 13:35:49.301 [warning] google.geminicodeassist - Code actions of kind 'source.organizeImports' requested but returned code action is of kind 'quickfix'. Code action will be dropped. Please check 'CodeActionContext.only' to only return requested code actions.
2025-06-02 13:35:49.301 [warning] google.geminicodeassist - Code actions of kind 'source.organizeImports' requested but returned code action is of kind 'quickfix'. Code action will be dropped. Please check 'CodeActionContext.only' to only return requested code actions.
2025-06-02 13:35:49.301 [warning] google.geminicodeassist - Code actions of kind 'source.organizeImports' requested but returned code action is of kind 'quickfix'. Code action will be dropped. Please check 'CodeActionContext.only' to only return requested code actions.
2025-06-02 13:35:49.301 [warning] google.geminicodeassist - Code actions of kind 'source.organizeImports' requested but returned code action is of kind 'quickfix'. Code action will be dropped. Please check 'CodeActionContext.only' to only return requested code actions.
2025-06-02 13:35:49.301 [warning] google.geminicodeassist - Code actions of kind 'source.organizeImports' requested but returned code action is of kind 'quickfix'. Code action will be dropped. Please check 'CodeActionContext.only' to only return requested code actions.
2025-06-02 13:35:49.301 [warning] google.geminicodeassist - Code actions of kind 'source.organizeImports' requested but returned code action is of kind 'quickfix'. Code action will be dropped. Please check 'CodeActionContext.only' to only return requested code actions.
2025-06-02 13:35:49.690 [error] [golang.go] provider FAILED
2025-06-02 13:35:49.690 [error] Error: getting file for InlayHint: context canceled
    at handleResponse (/google/devshell/editor/code-oss-for-cloud-shell/extensions/golang.Go/dist/goMain.js:8606:40)
    at handleMessage (/google/devshell/editor/code-oss-for-cloud-shell/extensions/golang.Go/dist/goMain.js:8416:11)
    at processMessageQueue (/google/devshell/editor/code-oss-for-cloud-shell/extensions/golang.Go/dist/goMain.js:8431:13)
    at Immediate.<anonymous> (/google/devshell/editor/code-oss-for-cloud-shell/extensions/golang.Go/dist/goMain.js:8407:11)
    at processImmediate (node:internal/timers:483:21)
