Initializing document watcher...
Document watcher initialized
/User/settings.json: Using EditorConfig core...
leonardo_cavalcanti_136/web-service-gin/main.go: {}
leonardo_cavalcanti_136/web-service-gin/main.go: {}
leonardo_cavalcanti_136/web-service-gin/main.go: {}
leonardo_cavalcanti_136/web-service-gin/main.go: {}
leonardo_cavalcanti_136/web-service-gin/main.go: {}
leonardo_cavalcanti_136/web-service-gin/main.go: {}
leonardo_cavalcanti_136/web-service-gin/main.go: {}
leonardo_cavalcanti_136/web-service-gin/main.go: {}
leonardo_cavalcanti_136/web-service-gin/main.go: {}
leonardo_cavalcanti_136/README-cloudshell.txt: {}
leonardo_cavalcanti_136/README-cloudshell.txt: {}
leonardo_cavalcanti_136/README-cloudshell.txt: {}
leonardo_cavalcanti_136/README-cloudshell.txt: {}
leonardo_cavalcanti_136/README-cloudshell.txt: {}
leonardo_cavalcanti_136/README-cloudshell.txt: {}
leonardo_cavalcanti_136/README-cloudshell.txt: {}
leonardo_cavalcanti_136/.git/COMMIT_EDITMSG: {}
leonardo_cavalcanti_136/.git/COMMIT_EDITMSG: {}
leonardo_cavalcanti_136/.git/COMMIT_EDITMSG: {}
