[Info  - 12:12:19 PM] 2025/06/13 12:12:19 Created View (#1)
	directory=/home/leonardo_cavalcanti_136
	view_type="AdHoc"
	root_dir="file:///home/leonardo_cavalcanti_136"
	go_version="go version go1.24.4 linux/amd64"
	build_flags=[]
	env={GOOS:linux GOARCH:amd64 GOCACHE:/home/leonardo_cavalcanti_136/.cache/go-build GOMODCACHE:/home/leonardo_cavalcanti_136/gopath/pkg/mod GOPATH:/home/leonardo_cavalcanti_136/gopath:/google/gopath GOPRIVATE: GOFLAGS: GO111MODULE: GOTOOLCHAIN:auto GOROOT:/usr/local/go GoVersion:24 GoVersionOutput:go version go1.24.4 linux/amd64
 ExplicitGOWORK: EffectiveGOPACKAGESDRIVER:}
	env_overlay=[]

[Info  - 12:12:19 PM] 2025/06/13 12:12:19 go/packages.Load #1
	view_id="1"
	snapshot=0
	directory=/home/leonardo_cavalcanti_136
	query=[./ builtin]
	packages=2
	duration=159.288126ms

[Info  - 12:12:19 PM] 2025/06/13 12:12:19 Created View (#2)
	directory=/home/leonardo_cavalcanti_136
	view_type="GoMod"
	root_dir="file:///home/leonardo_cavalcanti_136/web-service-gin"
	go_version="go version go1.24.4 linux/amd64"
	build_flags=[]
	env={GOOS:linux GOARCH:amd64 GOCACHE:/home/leonardo_cavalcanti_136/.cache/go-build GOMODCACHE:/home/leonardo_cavalcanti_136/gopath/pkg/mod GOPATH:/home/leonardo_cavalcanti_136/gopath:/google/gopath GOPRIVATE: GOFLAGS: GO111MODULE: GOTOOLCHAIN:auto GOROOT:/usr/local/go GoVersion:24 GoVersionOutput:go version go1.24.4 linux/amd64
 ExplicitGOWORK: EffectiveGOPACKAGESDRIVER:}
	env_overlay=[]

[Info  - 12:12:35 PM] 2025/06/13 12:12:35 go/packages.Load #2
	view_id="2"
	snapshot=0
	directory=/home/leonardo_cavalcanti_136
	query=[/home/leonardo_cavalcanti_136/web-service-gin/... builtin]
	packages=4
	duration=15.295855465s

[Info  - 12:12:49 PM] 2025/06/13 12:12:49 background imports cache refresh starting

[Info  - 12:12:49 PM] 2025/06/13 12:12:49 background refresh finished after 6.075441ms

[Info  - 12:12:49 PM] 2025/06/13 12:12:49 background imports cache refresh starting

[Info  - 12:12:52 PM] 2025/06/13 12:12:52 background refresh finished after 3.090637748s

