2025-06-13 12:11:10.639 [info] [main] Log level: Info
2025-06-13 12:11:10.639 [info] [main] Validating found git in: "git"
2025-06-13 12:11:10.639 [info] [main] Using git "2.43.0" from "git"
2025-06-13 12:11:10.639 [info] [Model][doInitialScan] Initial repository scan started
2025-06-13 12:11:10.639 [info] > git rev-parse --show-toplevel [5ms]
2025-06-13 12:11:10.639 [info] fatal: not a git repository (or any parent up to mount point /)
Stopping at filesystem boundary (GIT_DISCOVERY_ACROSS_FILESYSTEM not set).
2025-06-13 12:11:10.639 [info] > git rev-parse --show-toplevel [30ms]
2025-06-13 12:11:10.639 [info] fatal: not a git repository (or any parent up to mount point /)
Stopping at filesystem boundary (GIT_DISCOVERY_ACROSS_FILESYSTEM not set).
2025-06-13 12:11:10.639 [info] > git rev-parse --show-toplevel [8ms]
2025-06-13 12:11:10.639 [info] fatal: not a git repository (or any parent up to mount point /)
Stopping at filesystem boundary (GIT_DISCOVERY_ACROSS_FILESYSTEM not set).
2025-06-13 12:11:10.639 [info] > git rev-parse --show-toplevel [3ms]
2025-06-13 12:11:10.639 [info] fatal: not a git repository (or any parent up to mount point /)
Stopping at filesystem boundary (GIT_DISCOVERY_ACROSS_FILESYSTEM not set).
2025-06-13 12:11:10.663 [info] > git rev-parse --show-toplevel [17ms]
2025-06-13 12:11:10.664 [info] fatal: not a git repository (or any parent up to mount point /)
Stopping at filesystem boundary (GIT_DISCOVERY_ACROSS_FILESYSTEM not set).
2025-06-13 12:11:10.675 [info] > git rev-parse --show-toplevel [4ms]
2025-06-13 12:11:10.675 [info] fatal: not a git repository (or any parent up to mount point /)
Stopping at filesystem boundary (GIT_DISCOVERY_ACROSS_FILESYSTEM not set).
2025-06-13 12:11:10.681 [info] > git rev-parse --show-toplevel [3ms]
2025-06-13 12:11:10.681 [info] fatal: not a git repository (or any parent up to mount point /)
Stopping at filesystem boundary (GIT_DISCOVERY_ACROSS_FILESYSTEM not set).
2025-06-13 12:11:10.687 [info] > git rev-parse --show-toplevel [1ms]
2025-06-13 12:11:10.687 [info] fatal: not a git repository (or any parent up to mount point /)
Stopping at filesystem boundary (GIT_DISCOVERY_ACROSS_FILESYSTEM not set).
2025-06-13 12:11:10.703 [info] > git rev-parse --show-toplevel [9ms]
2025-06-13 12:11:10.703 [info] fatal: not a git repository (or any parent up to mount point /)
Stopping at filesystem boundary (GIT_DISCOVERY_ACROSS_FILESYSTEM not set).
2025-06-13 12:11:10.704 [info] [Model][doInitialScan] Initial repository scan completed - repositories (0), closed repositories (0), parent repositories (0), unsafe repositories (0)
2025-06-13 12:11:15.606 [info] > git rev-parse --show-toplevel [4ms]
2025-06-13 12:11:15.606 [info] fatal: not a git repository (or any parent up to mount point /)
Stopping at filesystem boundary (GIT_DISCOVERY_ACROSS_FILESYSTEM not set).
2025-06-13 12:12:18.535 [info] > git rev-parse --show-toplevel [11ms]
2025-06-13 12:12:18.535 [info] fatal: not a git repository (or any parent up to mount point /)
Stopping at filesystem boundary (GIT_DISCOVERY_ACROSS_FILESYSTEM not set).
2025-06-13 12:21:33.471 [info] > git rev-parse --show-toplevel [2ms]
2025-06-13 12:21:33.500 [info] > git rev-parse --git-dir --git-common-dir [2ms]
2025-06-13 12:21:33.516 [info] [Model][openRepository] Opened repository: /home/leonardo_cavalcanti_136
2025-06-13 12:21:33.537 [info] [Git][getRemotes] No remotes found in the git config file
2025-06-13 12:21:33.538 [info] > git config --get commit.template [11ms]
2025-06-13 12:21:33.539 [info] > git for-each-ref --format=%(refname)%00%(upstream:short)%00%(objectname)%00%(upstream:track)%00%(upstream:remotename)%00%(upstream:remoteref) refs/heads/master refs/remotes/master [4ms]
2025-06-13 12:21:33.540 [warning] [Git][getBranch] No such branch: master
2025-06-13 12:21:33.563 [info] > git for-each-ref --sort -committerdate --format %(refname)%00%(objectname)%00%(*objectname) [1ms]
2025-06-13 12:21:35.886 [info] > git status -z -uall [2337ms] (cancelled)
2025-06-13 12:21:35.886 [info] > git for-each-ref --format=%(refname)%00%(upstream:short)%00%(objectname)%00%(upstream:track)%00%(upstream:remotename)%00%(upstream:remoteref) refs/heads/master refs/remotes/master [1953ms]
2025-06-13 12:21:35.886 [warning] [Git][getBranch] No such branch: master
2025-06-13 12:21:35.891 [error] [GitHistoryProvider][resolveHEADMergeBase] Failed to resolve merge base for master: Error: No such branch: master.
2025-06-13 12:21:36.013 [info] > git config --get commit.template [178ms]
2025-06-13 12:21:36.016 [info] > git check-ignore -v -z --stdin [14ms]
2025-06-13 12:21:36.067 [info] [Git][getRemotes] No remotes found in the git config file
2025-06-13 12:21:36.077 [info] > git for-each-ref --format=%(refname)%00%(upstream:short)%00%(objectname)%00%(upstream:track)%00%(upstream:remotename)%00%(upstream:remoteref) refs/heads/master refs/remotes/master [10ms]
2025-06-13 12:21:36.077 [warning] [Git][getBranch] No such branch: master
2025-06-13 12:21:36.140 [info] > git for-each-ref --sort -committerdate --format %(refname)%00%(objectname)%00%(*objectname) [9ms]
2025-06-13 12:21:36.928 [info] > git status -z -uall [828ms] (cancelled)
2025-06-13 12:21:38.623 [info] > git show --textconv :web-service-gin/main.go [43ms]
2025-06-13 12:21:38.624 [info] > git ls-files --stage -- web-service-gin/main.go [35ms]
2025-06-13 12:21:38.655 [info] > git hash-object -t tree /dev/null [17ms]
2025-06-13 12:21:38.656 [warning] [GitFileSystemProvider][stat] File not found - git:/home/leonardo_cavalcanti_136/web-service-gin/main.go.git?%7B%22path%22%3A%22%2Fhome%2Fleonardo_cavalcanti_136%2Fweb-service-gin%2Fmain.go%22%2C%22ref%22%3A%22%22%7D
2025-06-13 12:21:38.674 [info] > git hash-object -t tree /dev/null [22ms]
2025-06-13 12:21:38.674 [warning] [GitFileSystemProvider][readFile] File not found - git:/home/leonardo_cavalcanti_136/web-service-gin/main.go.git?%7B%22path%22%3A%22%2Fhome%2Fleonardo_cavalcanti_136%2Fweb-service-gin%2Fmain.go%22%2C%22ref%22%3A%22%22%7D
2025-06-13 12:22:14.331 [info] > git log --format=%H%n%aN%n%aE%n%at%n%ct%n%P%n%D%n%B -z --shortstat --diff-merges=first-parent -n50 --skip=0 --topo-order --decorate=full --stdin [25ms]
2025-06-13 12:22:14.332 [info] fatal: bad revision 'refs/heads/master'
2025-06-13 12:22:14.332 [error] [GitHistoryProvider][provideHistoryItems] Failed to get history items with options '{"historyItemRefs":["refs/heads/master"],"limit":50,"skip":0}': Failed to execute git {
  "exitCode": 128,
  "gitCommand": "log",
  "stdout": "",
  "stderr": "fatal: bad revision 'refs/heads/master'\n"
}
2025-06-13 12:22:14.825 [info] > git check-ignore -v -z --stdin [2ms]
2025-06-13 12:25:57.320 [info] > git add -A -- . [279ms]
2025-06-13 12:25:58.002 [info] > git -c user.useConfigOnly=true commit --quiet --allow-empty-message --file - [675ms]
2025-06-13 12:25:58.002 [info] Author identity unknown

*** Please tell me who you are.

Run

  git config --global user.email "you@example.com"
  git config --global user.name "Your Name"

to set your account's default identity.
Omit --global to set the identity only in this repository.

fatal: no email was given and auto-detection is disabled
2025-06-13 12:25:58.012 [info] > git config --get-all user.name [2ms]
2025-06-13 12:25:58.029 [info] [Git][getRemotes] No remotes found in the git config file
2025-06-13 12:25:58.031 [info] > git config --get commit.template [9ms]
2025-06-13 12:25:58.032 [info] > git for-each-ref --format=%(refname)%00%(upstream:short)%00%(objectname)%00%(upstream:track)%00%(upstream:remotename)%00%(upstream:remoteref) refs/heads/master refs/remotes/master [2ms]
2025-06-13 12:25:58.032 [warning] [Git][getBranch] No such branch: master
2025-06-13 12:25:58.096 [info] > git for-each-ref --sort -committerdate --format %(refname)%00%(objectname)%00%(*objectname) [21ms]
2025-06-13 12:26:00.106 [info] > git status -z -uall [2066ms] (cancelled)
2025-06-13 12:26:02.829 [info] > git show --textconv :README-cloudshell.txt [32ms]
2025-06-13 12:26:02.830 [info] > git show --textconv HEAD:README-cloudshell.txt [22ms]
2025-06-13 12:26:02.831 [warning] [GitFileSystemProvider][readFile] File not found - git:/home/leonardo_cavalcanti_136/README-cloudshell.txt.git?%7B%22path%22%3A%22%2Fhome%2Fleonardo_cavalcanti_136%2FREADME-cloudshell.txt%22%2C%22ref%22%3A%22HEAD%22%7D
2025-06-13 12:26:02.833 [info] > git ls-tree -l HEAD -- README-cloudshell.txt [5ms]
2025-06-13 12:26:02.833 [info] fatal: Not a valid object name HEAD
2025-06-13 12:26:02.834 [warning] [GitFileSystemProvider][stat] File not found - git:/home/leonardo_cavalcanti_136/README-cloudshell.txt.git?%7B%22path%22%3A%22%2Fhome%2Fleonardo_cavalcanti_136%2FREADME-cloudshell.txt%22%2C%22ref%22%3A%22HEAD%22%7D
2025-06-13 12:26:02.834 [info] > git ls-files --stage -- README-cloudshell.txt [18ms]
2025-06-13 12:26:02.844 [info] > git cat-file -s 9fa5a74e750d98eb725eca4ca09ba01af2f5cd24 [3ms]
2025-06-13 12:27:58.718 [info] > git -c user.useConfigOnly=true commit --quiet --allow-empty-message --file - [152ms]
2025-06-13 12:27:58.736 [info] > git config --get commit.template [1ms]
2025-06-13 12:27:58.771 [info] [Git][getRemotes] No remotes found in the git config file
2025-06-13 12:27:58.775 [info] > git config --get commit.template [17ms]
2025-06-13 12:27:58.775 [info] > git for-each-ref --format=%(refname)%00%(upstream:short)%00%(objectname)%00%(upstream:track)%00%(upstream:remotename)%00%(upstream:remoteref) refs/heads/master refs/remotes/master [4ms]
2025-06-13 12:27:58.834 [info] > git for-each-ref --sort -committerdate --format %(refname)%00%(objectname)%00%(*objectname) [10ms]
2025-06-13 12:27:59.063 [info] > git status -z -uall [273ms]
2025-06-13 12:27:59.707 [info] > git check-ignore -v -z --stdin [47ms]
2025-06-13 12:27:59.731 [info] > git config --get commit.template [7ms]
2025-06-13 12:27:59.733 [info] [Git][getRemotes] No remotes found in the git config file
2025-06-13 12:27:59.747 [info] > git for-each-ref --format=%(refname)%00%(upstream:short)%00%(objectname)%00%(upstream:track)%00%(upstream:remotename)%00%(upstream:remoteref) refs/heads/master refs/remotes/master [1ms]
2025-06-13 12:27:59.820 [info] > git for-each-ref --sort -committerdate --format %(refname)%00%(objectname)%00%(*objectname) [35ms]
2025-06-13 12:27:59.949 [info] > git status -z -uall [190ms]
2025-06-13 12:28:00.246 [info] > git check-ignore -v -z --stdin [26ms]
2025-06-13 12:28:00.444 [info] > git ls-files --stage -- README-cloudshell.txt [9ms]
2025-06-13 12:28:00.454 [info] > git cat-file -s 9fa5a74e750d98eb725eca4ca09ba01af2f5cd24 [2ms]
2025-06-13 12:28:00.641 [info] > git show --textconv :README-cloudshell.txt [9ms]
2025-06-13 12:28:01.482 [info] [Git][getRemotes] No remotes found in the git config file
2025-06-13 12:28:01.483 [info] > git config --get commit.template [14ms]
2025-06-13 12:28:01.484 [info] > git for-each-ref --format=%(refname)%00%(upstream:short)%00%(objectname)%00%(upstream:track)%00%(upstream:remotename)%00%(upstream:remoteref) refs/heads/master refs/remotes/master [3ms]
2025-06-13 12:28:01.543 [info] > git for-each-ref --sort -committerdate --format %(refname)%00%(objectname)%00%(*objectname) [10ms]
2025-06-13 12:28:01.638 [info] > git status -z -uall [145ms]
2025-06-13 12:28:18.504 [info] > git log --format=%H%n%aN%n%aE%n%at%n%ct%n%P%n%D%n%B -z --shortstat --diff-merges=first-parent -n50 --skip=0 --topo-order --decorate=full --stdin [18822ms]
2025-06-13 12:28:23.041 [info] > git add -A -- . [550ms]
2025-06-13 12:28:24.427 [info] > git show --textconv :.git/COMMIT_EDITMSG [27ms]
2025-06-13 12:28:24.430 [warning] [GitFileSystemProvider][readFile] File not found - git:/home/leonardo_cavalcanti_136/.git/COMMIT_EDITMSG.git?%7B%22path%22%3A%22%2Fhome%2Fleonardo_cavalcanti_136%2F.git%2FCOMMIT_EDITMSG%22%2C%22ref%22%3A%22%22%7D
2025-06-13 12:28:24.436 [info] > git ls-files --stage -- .git/COMMIT_EDITMSG [16ms]
2025-06-13 12:28:24.437 [warning] [GitFileSystemProvider][stat] File not found - git:/home/leonardo_cavalcanti_136/.git/COMMIT_EDITMSG.git?%7B%22path%22%3A%22%2Fhome%2Fleonardo_cavalcanti_136%2F.git%2FCOMMIT_EDITMSG%22%2C%22ref%22%3A%22%22%7D
2025-06-13 12:28:24.632 [info] > git check-ignore -v -z --stdin [52ms]
2025-06-13 12:30:57.618 [info] > git check-ignore -v -z --stdin [10ms]
