Initializing document watcher...
Document watcher initialized
/User/settings.json: Using EditorConfig core...
leonardo_cavalcanti_136/web-service-gin/main.go: {}
leonardo_cavalcanti_136/web-service-gin/main.go: {}
leonardo_cavalcanti_136/web-service-gin/main.go: {}
leonardo_cavalcanti_136/web-service-gin/main.go: {}
leonardo_cavalcanti_136/web-service-gin/main.go: {}
leonardo_cavalcanti_136/web-service-gin/main.go: {}
leonardo_cavalcanti_136/web-service-gin/main.go: {}
leonardo_cavalcanti_136/web-service-gin/main.go: Using EditorConfig core...
leonardo_cavalcanti_136/web-service-gin/main.go: Using EditorConfig core...
leonardo_cavalcanti_136/web-service-gin/main.go: Using EditorConfig core...
leonardo_cavalcanti_136/web-service-gin/main.go: {}
leonardo_cavalcanti_136/web-service-gin/main.go: {}
leonardo_cavalcanti_136/web-service-gin/main.go: Using EditorConfig core...
leonardo_cavalcanti_136/web-service-gin/main.go: Using EditorConfig core...
leonardo_cavalcanti_136/web-service-gin/main.go: Using EditorConfig core...
leonardo_cavalcanti_136/web-service-gin/main.go: Using EditorConfig core...
leonardo_cavalcanti_136/web-service-gin/main.go: {}
leonardo_cavalcanti_136/web-service-gin/main.go: {}
leonardo_cavalcanti_136/web-service-gin/main.go: Using EditorConfig core...
leonardo_cavalcanti_136/web-service-gin/main.go: Using EditorConfig core...
leonardo_cavalcanti_136/web-service-gin/main.go: Using EditorConfig core...
leonardo_cavalcanti_136/web-service-gin/main.go: Using EditorConfig core...
leonardo_cavalcanti_136/web-service-gin/main.go: Using EditorConfig core...
leonardo_cavalcanti_136/web-service-gin/main.go: Using EditorConfig core...
leonardo_cavalcanti_136/web-service-gin/main.go: Using EditorConfig core...
leonardo_cavalcanti_136/web-service-gin/main.go: Using EditorConfig core...
leonardo_cavalcanti_136/web-service-gin/main.go: Using EditorConfig core...
leonardo_cavalcanti_136/web-service-gin/main.go: {}
leonardo_cavalcanti_136/web-service-gin/main.go: {}
leonardo_cavalcanti_136/web-service-gin/main.go: Using EditorConfig core...
leonardo_cavalcanti_136/web-service-gin/main.go: Using EditorConfig core...
leonardo_cavalcanti_136/web-service-gin/main.go: Using EditorConfig core...
leonardo_cavalcanti_136/web-service-gin/main.go: {}
leonardo_cavalcanti_136/web-service-gin/main.go: {}
leonardo_cavalcanti_136/web-service-gin/main.go: Using EditorConfig core...
leonardo_cavalcanti_136/web-service-gin/main.go: Using EditorConfig core...
leonardo_cavalcanti_136/web-service-gin/main.go: Using EditorConfig core...
leonardo_cavalcanti_136/web-service-gin/main.go: Using EditorConfig core...
leonardo_cavalcanti_136/web-service-gin/main.go: Using EditorConfig core...
leonardo_cavalcanti_136/web-service-gin/main.go: Using EditorConfig core...
leonardo_cavalcanti_136/web-service-gin/main.go: Using EditorConfig core...
leonardo_cavalcanti_136/web-service-gin/main.go: Using EditorConfig core...
leonardo_cavalcanti_136/web-service-gin/main.go: {}
leonardo_cavalcanti_136/web-service-gin/main.go: {}
leonardo_cavalcanti_136/web-service-gin/main.go: Using EditorConfig core...
leonardo_cavalcanti_136/web-service-gin/main.go: Using EditorConfig core...
leonardo_cavalcanti_136/web-service-gin/main.go: Using EditorConfig core...
leonardo_cavalcanti_136/web-service-gin/main.go: Using EditorConfig core...
leonardo_cavalcanti_136/web-service-gin/main.go: Using EditorConfig core...
leonardo_cavalcanti_136/web-service-gin/main.go: Using EditorConfig core...
leonardo_cavalcanti_136/web-service-gin/main.go: {}
leonardo_cavalcanti_136/web-service-gin/main.go: {}
leonardo_cavalcanti_136/web-service-gin/main.go: Using EditorConfig core...
leonardo_cavalcanti_136/web-service-gin/main.go: Using EditorConfig core...
leonardo_cavalcanti_136/web-service-gin/main.go: Using EditorConfig core...
leonardo_cavalcanti_136/web-service-gin/main.go: Using EditorConfig core...
leonardo_cavalcanti_136/web-service-gin/main.go: Using EditorConfig core...
leonardo_cavalcanti_136/web-service-gin/main.go: Using EditorConfig core...
leonardo_cavalcanti_136/web-service-gin/main.go: Using EditorConfig core...
leonardo_cavalcanti_136/web-service-gin/main.go: Using EditorConfig core...
leonardo_cavalcanti_136/web-service-gin/main.go: Using EditorConfig core...
leonardo_cavalcanti_136/web-service-gin/main.go: Using EditorConfig core...
leonardo_cavalcanti_136/web-service-gin/main.go: Using EditorConfig core...
leonardo_cavalcanti_136/web-service-gin/main.go: Using EditorConfig core...
leonardo_cavalcanti_136/web-service-gin/main.go: {}
leonardo_cavalcanti_136/web-service-gin/main.go: {}
leonardo_cavalcanti_136/web-service-gin/main.go: Using EditorConfig core...
leonardo_cavalcanti_136/web-service-gin/main.go: Using EditorConfig core...
leonardo_cavalcanti_136/web-service-gin/main.go: {}
leonardo_cavalcanti_136/web-service-gin/main.go: {}
leonardo_cavalcanti_136/web-service-gin/main.go: Using EditorConfig core...
leonardo_cavalcanti_136/web-service-gin/main.go: Using EditorConfig core...
leonardo_cavalcanti_136/web-service-gin/main.go: Using EditorConfig core...
leonardo_cavalcanti_136/web-service-gin/main.go: {}
leonardo_cavalcanti_136/web-service-gin/main.go: {}
leonardo_cavalcanti_136/web-service-gin/main.go: Using EditorConfig core...
leonardo_cavalcanti_136/web-service-gin/main.go: Using EditorConfig core...
leonardo_cavalcanti_136/web-service-gin/main.go: {}
leonardo_cavalcanti_136/web-service-gin/main.go: {}
leonardo_cavalcanti_136/web-service-gin/main.go: Using EditorConfig core...
leonardo_cavalcanti_136/web-service-gin/main.go: Using EditorConfig core...
leonardo_cavalcanti_136/web-service-gin/main.go: Using EditorConfig core...
leonardo_cavalcanti_136/web-service-gin/main.go: Using EditorConfig core...
leonardo_cavalcanti_136/web-service-gin/main.go: Using EditorConfig core...
leonardo_cavalcanti_136/web-service-gin/main.go: Using EditorConfig core...
leonardo_cavalcanti_136/web-service-gin/main_test.go: {}
leonardo_cavalcanti_136/web-service-gin/test.go: {}
leonardo_cavalcanti_136/web-service-gin/main.go: {}
leonardo_cavalcanti_136/web-service-gin/test.go: {}
leonardo_cavalcanti_136/web-service-gin/main_test.go: {}
leonardo_cavalcanti_136/web-service-gin/main.go: {}
leonardo_cavalcanti_136/web-service-gin/main.go: Using EditorConfig core...
leonardo_cavalcanti_136/web-service-gin/main.go: Using EditorConfig core...
leonardo_cavalcanti_136/web-service-gin/main_test.go: {}
leonardo_cavalcanti_136/web-service-gin/main_test.go: Using EditorConfig core...
leonardo_cavalcanti_136/web-service-gin/main_test.go: Using EditorConfig core...
leonardo_cavalcanti_136/web-service-gin/main.go: {}
leonardo_cavalcanti_136/web-service-gin/main_test.go: {}
leonardo_cavalcanti_136/web-service-gin/main.go: {}
leonardo_cavalcanti_136/web-service-gin/main.go: {}
leonardo_cavalcanti_136/web-service-gin/main.go: {}
leonardo_cavalcanti_136/web-service-gin/main_test.go: {}
leonardo_cavalcanti_136/web-service-gin/main.go: {}
leonardo_cavalcanti_136/web-service-gin/main_test.go: {}
leonardo_cavalcanti_136/web-service-gin/main_test.go: Using EditorConfig core...
leonardo_cavalcanti_136/web-service-gin/main_test.go: Using EditorConfig core...
leonardo_cavalcanti_136/web-service-gin/main_test.go: Using EditorConfig core...
leonardo_cavalcanti_136/web-service-gin/main_test.go: Using EditorConfig core...
leonardo_cavalcanti_136/web-service-gin/main_test.go: Using EditorConfig core...
leonardo_cavalcanti_136/web-service-gin/main_test.go: Using EditorConfig core...
leonardo_cavalcanti_136/web-service-gin/main.go: {}
leonardo_cavalcanti_136/web-service-gin/main_test.go: {}
leonardo_cavalcanti_136/web-service-gin/main_test.go: Using EditorConfig core...
leonardo_cavalcanti_136/web-service-gin/main_test.go: Using EditorConfig core...
leonardo_cavalcanti_136/web-service-gin/main.go: {}
leonardo_cavalcanti_136/web-service-gin/main.go: Using EditorConfig core...
leonardo_cavalcanti_136/web-service-gin/main.go: Using EditorConfig core...
leonardo_cavalcanti_136/web-service-gin/main_test.go: {}
leonardo_cavalcanti_136/web-service-gin/main_test.go: Using EditorConfig core...
leonardo_cavalcanti_136/web-service-gin/main.go: {}
leonardo_cavalcanti_136/web-service-gin/main_test.go: {}
leonardo_cavalcanti_136/web-service-gin/main.go: {}
leonardo_cavalcanti_136/web-service-gin/main.go: Using EditorConfig core...
leonardo_cavalcanti_136/web-service-gin/main.go: Using EditorConfig core...
leonardo_cavalcanti_136/web-service-gin/main_test.go: {}
leonardo_cavalcanti_136/web-service-gin/main_test.go: Using EditorConfig core...
leonardo_cavalcanti_136/web-service-gin/main_test.go: Using EditorConfig core...
leonardo_cavalcanti_136/web-service-gin/main_test.go: Using EditorConfig core...
leonardo_cavalcanti_136/web-service-gin/main.go: {}
leonardo_cavalcanti_136/web-service-gin/main.go: Using EditorConfig core...
leonardo_cavalcanti_136/web-service-gin/main.go: Using EditorConfig core...
leonardo_cavalcanti_136/web-service-gin/main.go: Using EditorConfig core...
leonardo_cavalcanti_136/web-service-gin/main.go: Using EditorConfig core...
leonardo_cavalcanti_136/web-service-gin/main_test.go: {}
leonardo_cavalcanti_136/web-service-gin/main.go: Using EditorConfig core...
leonardo_cavalcanti_136/web-service-gin/main_test.go: Using EditorConfig core...
leonardo_cavalcanti_136/web-service-gin/main.go: {}
leonardo_cavalcanti_136/web-service-gin/main_test.go: {}
leonardo_cavalcanti_136/web-service-gin/main.go: Using EditorConfig core...
leonardo_cavalcanti_136/web-service-gin/main.go: {}
leonardo_cavalcanti_136/web-service-gin/main.go: Using EditorConfig core...
leonardo_cavalcanti_136/web-service-gin/main_test.go: {}
leonardo_cavalcanti_136/web-service-gin/main.go: Using EditorConfig core...
leonardo_cavalcanti_136/web-service-gin/main.go: {}
leonardo_cavalcanti_136/web-service-gin/main_test.go: {}
leonardo_cavalcanti_136/web-service-gin/main_test.go: Using EditorConfig core...
leonardo_cavalcanti_136/web-service-gin/main_test.go: Using EditorConfig core...
leonardo_cavalcanti_136/web-service-gin/main_test.go: Using EditorConfig core...
leonardo_cavalcanti_136/web-service-gin/main_test.go: Using EditorConfig core...
leonardo_cavalcanti_136/web-service-gin/main.go: {}
leonardo_cavalcanti_136/web-service-gin/main.go: Using EditorConfig core...
leonardo_cavalcanti_136/web-service-gin/main_test.go: {}
leonardo_cavalcanti_136/web-service-gin/main.go: {}
leonardo_cavalcanti_136/web-service-gin/main.go: {}
leonardo_cavalcanti_136/web-service-gin/main.go: {}
leonardo_cavalcanti_136/web-service-gin/main_test.go: {}
leonardo_cavalcanti_136/web-service-gin/my-data/logs.txt: {}
leonardo_cavalcanti_136/web-service-gin/main_test.go: {}
leonardo_cavalcanti_136/web-service-gin/main.go: {}
leonardo_cavalcanti_136/web-service-gin/main_test.go: {}
leonardo_cavalcanti_136/web-service-gin/main.go: {}
leonardo_cavalcanti_136/web-service-gin/main_test.go: {}
leonardo_cavalcanti_136/web-service-gin/main.go: {}
leonardo_cavalcanti_136/web-service-gin/main.go: {}
leonardo_cavalcanti_136/web-service-gin/main.go: {}
leonardo_cavalcanti_136/web-service-gin/main.go: Using EditorConfig core...
leonardo_cavalcanti_136/web-service-gin/main.go: Using EditorConfig core...
leonardo_cavalcanti_136/web-service-gin/main.go: Using EditorConfig core...
leonardo_cavalcanti_136/web-service-gin/main_test.go: {}
leonardo_cavalcanti_136/web-service-gin/main_test.go: Using EditorConfig core...
leonardo_cavalcanti_136/web-service-gin/main_test.go: Using EditorConfig core...
leonardo_cavalcanti_136/web-service-gin/main.go: {}
leonardo_cavalcanti_136/web-service-gin/main.go: Using EditorConfig core...
leonardo_cavalcanti_136/web-service-gin/main_test.go: {}
leonardo_cavalcanti_136/web-service-gin/dockerfile: {}
leonardo_cavalcanti_136/web-service-gin/main_test.go: {}
leonardo_cavalcanti_136/web-service-gin/main_test.go: {}
leonardo_cavalcanti_136/web-service-gin/main_test.go: {}
leonardo_cavalcanti_136/web-service-gin/main_test.go: Using EditorConfig core...
leonardo_cavalcanti_136/web-service-gin/main.go: {}
leonardo_cavalcanti_136/web-service-gin/main.go: Using EditorConfig core...
leonardo_cavalcanti_136/web-service-gin/main.go: Using EditorConfig core...
leonardo_cavalcanti_136/web-service-gin/main_test.go: {}
leonardo_cavalcanti_136/web-service-gin/main_test.go: Using EditorConfig core...
leonardo_cavalcanti_136/web-service-gin/main_test.go: Using EditorConfig core...
leonardo_cavalcanti_136/web-service-gin/main.go: {}
leonardo_cavalcanti_136/web-service-gin/main.go: Using EditorConfig core...
leonardo_cavalcanti_136/web-service-gin/my-data/logs.txt: {}
leonardo_cavalcanti_136/web-service-gin/my-data/logs.txt: {}
