2025-06-06 12:09:55.503 [info] [main] Log level: Info
2025-06-06 12:09:55.503 [info] [main] Validating found git in: "git"
2025-06-06 12:09:55.503 [info] [main] Using git "2.43.0" from "git"
2025-06-06 12:09:55.503 [info] [Model][doInitialScan] Initial repository scan started
2025-06-06 12:09:55.503 [info] > git rev-parse --show-toplevel [5ms]
2025-06-06 12:09:55.503 [info] fatal: not a git repository (or any parent up to mount point /)
Stopping at filesystem boundary (GIT_DISCOVERY_ACROSS_FILESYSTEM not set).
2025-06-06 12:09:55.503 [info] > git rev-parse --show-toplevel [3ms]
2025-06-06 12:09:55.503 [info] fatal: not a git repository (or any parent up to mount point /)
Stopping at filesystem boundary (GIT_DISCOVERY_ACROSS_FILESYSTEM not set).
2025-06-06 12:09:55.503 [info] > git rev-parse --show-toplevel [10ms]
2025-06-06 12:09:55.503 [info] fatal: not a git repository (or any parent up to mount point /)
Stopping at filesystem boundary (GIT_DISCOVERY_ACROSS_FILESYSTEM not set).
2025-06-06 12:09:55.503 [info] > git rev-parse --show-toplevel [12ms]
2025-06-06 12:09:55.503 [info] fatal: not a git repository (or any parent up to mount point /)
Stopping at filesystem boundary (GIT_DISCOVERY_ACROSS_FILESYSTEM not set).
2025-06-06 12:09:55.503 [info] > git rev-parse --show-toplevel [9ms]
2025-06-06 12:09:55.503 [info] fatal: not a git repository (or any parent up to mount point /)
Stopping at filesystem boundary (GIT_DISCOVERY_ACROSS_FILESYSTEM not set).
2025-06-06 12:09:55.503 [info] > git rev-parse --show-toplevel [12ms]
2025-06-06 12:09:55.503 [info] fatal: not a git repository (or any parent up to mount point /)
Stopping at filesystem boundary (GIT_DISCOVERY_ACROSS_FILESYSTEM not set).
2025-06-06 12:09:55.506 [info] > git rev-parse --show-toplevel [10ms]
2025-06-06 12:09:55.506 [info] fatal: not a git repository (or any parent up to mount point /)
Stopping at filesystem boundary (GIT_DISCOVERY_ACROSS_FILESYSTEM not set).
2025-06-06 12:09:55.515 [info] > git rev-parse --show-toplevel [2ms]
2025-06-06 12:09:55.516 [info] fatal: not a git repository (or any parent up to mount point /)
Stopping at filesystem boundary (GIT_DISCOVERY_ACROSS_FILESYSTEM not set).
2025-06-06 12:09:55.538 [info] > git rev-parse --show-toplevel [12ms]
2025-06-06 12:09:55.538 [info] fatal: not a git repository (or any parent up to mount point /)
Stopping at filesystem boundary (GIT_DISCOVERY_ACROSS_FILESYSTEM not set).
2025-06-06 12:09:55.539 [info] [Model][doInitialScan] Initial repository scan completed - repositories (0), closed repositories (0), parent repositories (0), unsafe repositories (0)
2025-06-06 12:09:55.648 [info] > git rev-parse --show-toplevel [3ms]
2025-06-06 12:09:55.648 [info] fatal: not a git repository (or any parent up to mount point /)
Stopping at filesystem boundary (GIT_DISCOVERY_ACROSS_FILESYSTEM not set).
2025-06-06 12:10:00.264 [info] > git rev-parse --show-toplevel [4ms]
2025-06-06 12:10:00.264 [info] fatal: not a git repository (or any parent up to mount point /)
Stopping at filesystem boundary (GIT_DISCOVERY_ACROSS_FILESYSTEM not set).
2025-06-06 12:10:41.901 [info] > git rev-parse --show-toplevel [105ms]
2025-06-06 12:10:41.901 [info] fatal: not a git repository (or any parent up to mount point /)
Stopping at filesystem boundary (GIT_DISCOVERY_ACROSS_FILESYSTEM not set).
2025-06-06 12:11:58.796 [info] > git rev-parse --show-toplevel [6ms]
2025-06-06 12:11:58.796 [info] fatal: not a git repository (or any parent up to mount point /)
Stopping at filesystem boundary (GIT_DISCOVERY_ACROSS_FILESYSTEM not set).
2025-06-06 12:23:44.284 [info] > git rev-parse --show-toplevel [3ms]
2025-06-06 12:23:44.285 [info] fatal: not a git repository (or any parent up to mount point /)
Stopping at filesystem boundary (GIT_DISCOVERY_ACROSS_FILESYSTEM not set).
2025-06-06 12:26:35.491 [info] > git rev-parse --show-toplevel [5ms]
2025-06-06 12:26:35.491 [info] fatal: not a git repository (or any parent up to mount point /)
Stopping at filesystem boundary (GIT_DISCOVERY_ACROSS_FILESYSTEM not set).
2025-06-06 12:26:36.570 [info] > git rev-parse --show-toplevel [6ms]
2025-06-06 12:26:36.570 [info] fatal: not a git repository (or any parent up to mount point /)
Stopping at filesystem boundary (GIT_DISCOVERY_ACROSS_FILESYSTEM not set).
2025-06-06 12:39:30.175 [info] > git rev-parse --show-toplevel [5ms]
2025-06-06 12:39:30.175 [info] fatal: not a git repository (or any parent up to mount point /)
Stopping at filesystem boundary (GIT_DISCOVERY_ACROSS_FILESYSTEM not set).
2025-06-06 12:42:16.236 [info] > git rev-parse --show-toplevel [7ms]
2025-06-06 12:42:16.236 [info] fatal: not a git repository (or any parent up to mount point /)
Stopping at filesystem boundary (GIT_DISCOVERY_ACROSS_FILESYSTEM not set).
2025-06-06 12:47:34.073 [info] > git rev-parse --show-toplevel [4ms]
2025-06-06 12:47:34.122 [info] fatal: not a git repository (or any parent up to mount point /)
Stopping at filesystem boundary (GIT_DISCOVERY_ACROSS_FILESYSTEM not set).
2025-06-06 12:48:38.102 [info] > git rev-parse --show-toplevel [11ms]
2025-06-06 12:48:38.102 [info] fatal: not a git repository (or any parent up to mount point /)
Stopping at filesystem boundary (GIT_DISCOVERY_ACROSS_FILESYSTEM not set).
2025-06-06 12:48:57.160 [info] > git rev-parse --show-toplevel [17ms]
2025-06-06 12:48:57.160 [info] fatal: not a git repository (or any parent up to mount point /)
Stopping at filesystem boundary (GIT_DISCOVERY_ACROSS_FILESYSTEM not set).
2025-06-06 12:48:59.373 [info] > git rev-parse --show-toplevel [5ms]
2025-06-06 12:48:59.373 [info] fatal: not a git repository (or any parent up to mount point /)
Stopping at filesystem boundary (GIT_DISCOVERY_ACROSS_FILESYSTEM not set).
2025-06-06 12:49:07.778 [info] > git rev-parse --show-toplevel [3ms]
2025-06-06 12:49:07.778 [info] fatal: not a git repository (or any parent up to mount point /)
Stopping at filesystem boundary (GIT_DISCOVERY_ACROSS_FILESYSTEM not set).
2025-06-06 12:49:08.970 [info] > git rev-parse --show-toplevel [4ms]
2025-06-06 12:49:08.970 [info] fatal: not a git repository (or any parent up to mount point /)
Stopping at filesystem boundary (GIT_DISCOVERY_ACROSS_FILESYSTEM not set).
2025-06-06 12:49:14.898 [info] > git rev-parse --show-toplevel [5ms]
2025-06-06 12:49:14.898 [info] fatal: not a git repository (or any parent up to mount point /)
Stopping at filesystem boundary (GIT_DISCOVERY_ACROSS_FILESYSTEM not set).
