2025-06-13 12:11:09.370 [info] Extension host with pid 1233 started
2025-06-13 12:11:09.386 [info] Lock '/home/leonardo_cavalcanti_136/.codeoss/data/User/workspaceStorage/3ebc6ca4/vscode.lock': Lock acquired.
2025-06-13 12:11:09.577 [info] ExtensionService#_doActivateExtension vscode.emmet, startup: false, activationEvent: 'onLanguage'
2025-06-13 12:11:09.822 [info] ExtensionService#_doActivateExtension vscode.git-base, startup: true, activationEvent: '*', root cause: vscode.git
2025-06-13 12:11:10.003 [info] ExtensionService#_doActivateExtension vscode.git, startup: true, activationEvent: '*'
2025-06-13 12:11:10.004 [info] ExtensionService#_doActivateExtension vscode.github, startup: true, activationEvent: '*'
2025-06-13 12:11:10.841 [info] Eager extensions activated
2025-06-13 12:11:10.841 [info] ExtensionService#_doActivateExtension EditorConfig.EditorConfig, startup: false, activationEvent: 'onStartupFinished'
2025-06-13 12:11:10.842 [info] ExtensionService#_doActivateExtension google.cloud-shell, startup: false, activationEvent: 'onStartupFinished'
2025-06-13 12:11:10.843 [info] ExtensionService#_doActivateExtension google.geminicodeassist, startup: false, activationEvent: 'onStartupFinished', root cause: googlecloudtools.cloudcode
2025-06-13 12:11:10.843 [info] ExtensionService#_doActivateExtension vscode.debug-auto-launch, startup: false, activationEvent: 'onStartupFinished'
2025-06-13 12:11:10.843 [info] ExtensionService#_doActivateExtension vscode.merge-conflict, startup: false, activationEvent: 'onStartupFinished'
2025-06-13 12:11:13.121 [info] ExtensionService#_doActivateExtension vscode.configuration-editing, startup: false, activationEvent: 'onLanguage:jsonc'
2025-06-13 12:11:13.122 [info] ExtensionService#_doActivateExtension vscode.json-language-features, startup: false, activationEvent: 'onLanguage:jsonc'
2025-06-13 12:11:13.122 [info] ExtensionService#_doActivateExtension vscode.typescript-language-features, startup: false, activationEvent: 'onLanguage:jsonc'
2025-06-13 12:11:13.304 [info] ExtensionService#_doActivateExtension googlecloudtools.cloudcode, startup: false, activationEvent: 'onStartupFinished'
2025-06-13 12:11:15.568 [error] onWillSaveTextDocument-listener from extension 'EditorConfig.EditorConfig' threw ERROR
2025-06-13 12:11:15.575 [error] Error: timeout
    at Timeout._onTimeout (file:///google/devshell/editor/code-oss-for-cloud-shell/out/vs/workbench/api/node/extensionHostProcess.js:135:108282)
    at listOnTimeout (node:internal/timers:581:17)
    at processTimers (node:internal/timers:519:7)
2025-06-13 12:12:18.387 [info] ExtensionService#_doActivateExtension golang.go, startup: false, activationEvent: 'onLanguage:go'
2025-06-13 12:21:33.903 [warning] [Decorations] CAPPING events from decorations provider vscode.git 10000
2025-06-13 12:21:36.899 [warning] [Decorations] CAPPING events from decorations provider vscode.git 10000
2025-06-13 12:25:58.335 [warning] [Decorations] CAPPING events from decorations provider vscode.git 10000
2025-06-13 12:27:59.099 [warning] [Decorations] CAPPING events from decorations provider vscode.git 10002
